loading app ryu/tests/switch/tester.py
loading app ryu.controller.ofp_handler
instantiating app ryu.controller.ofp_handler of OFPHandler
instantiating app ryu/tests/switch/tester.py of OfTester
target_dpid=000070b3d56cd016
tester_dpid=0000000000000001
target ofp version=openflow13
tester ofp version=openflow13
Test files directory = ryu/tests/switch/of13/action/
--- Test start ---
waiting for switches connection...
dpid=000070b3d56cd016 : Join target SW.
dpid=0000000000000001 : Join tester SW.
action: 00_OUTPUT
    ethernet/ipv4/tcp-->'actions=output:2'                                                               OK
    ethernet/ipv6/tcp-->'actions=output:2'                                                               OK
    ethernet/arp-->'actions=output:2'                                                                    OK
action: 11_COPY_TTL_OUT
    ethernet/mpls(ttl=64)/ipv4(ttl=32)/tcp-->'eth_type=0x8847,actions=copy_ttl_out,output:2'             ERROR
        Received incorrect packet: mpls(ttl=64)/str('\x01\x02\x03\x04\x05\x06\x07\x08\t\n\x0b\x0c\r\x0e\x0f\x10\x11\x12\x13\x14\x15\x16\x17\x18\x19\x1a\x1b\x1c\x1d\x1e\x1f')
    ethernet/mpls(ttl=64)/ipv6(hop_limit=32)/tcp-->'eth_type=0x8847,actions=copy_ttl_out,output:2'       ERROR
        Received incorrect packet: mpls(ttl=64)/str('\x00\x10\x00\x00\x00\x00\x00\x00\x00\x00\x00\x00\x00\x00\x00\x10\x00 \x00\x00\x00\x00\x00\x00\x00\x00\x00\x00\x00\x00\x00 +g\x08\xae\x00\x00\x00\x00\x00\x00\x00\x00`\x00\x00\x00j\\\x00\x00\x00\x00\x00\x00\x01\x02\x03\x04\x05\x06\x07\x08\t\n\x0b\x0c\r\x0e\x0f\x10\x11\x12\x13\x14\x15\x16\x17\x18\x19\x1a\x1b\x1c\x1d\x1e\x1f')
action: 12_COPY_TTL_IN
    ethernet/mpls(ttl=64)/ipv4(ttl=32)/tcp-->'eth_type=0x8847,actions=copy_ttl_in,output:2'              ERROR
        Received incorrect packet: ipv4(ttl=32,csum=64286)/str('\x01\x02\x03\x04\x05\x06\x07\x08\t\n\x0b\x0c\r\x0e\x0f\x10\x11\x12\x13\x14\x15\x16\x17\x18\x19\x1a\x1b\x1c\x1d\x1e\x1f')
    ethernet/mpls(ttl=64)/ipv6(hop_limit=32)/tcp-->'eth_type=0x8847,actions=copy_ttl_in,output:2'        ERROR
        Received incorrect packet: ipv4(offset=1568)/str('\x00\x10\x00\x00\x00\x00\x00\x00\x00\x00\x00\x00\x00\x00\x00\x10\x00 \x00\x00\x00\x00\x00\x00\x00\x00\x00\x00\x00\x00\x00 +g\x08\xae\x00\x00\x00\x00\x00\x00\x00\x00`\x00\x00\x00j\\\x00\x00\x00\x00\x00\x00\x01\x02\x03\x04\x05\x06\x07\x08\t\n\x0b\x0c\r\x0e\x0f\x10\x11\x12\x13\x14\x15\x16\x17\x18\x19\x1a\x1b\x1c\x1d\x1e\x1f')
action: 15_SET_MPLS_TTL
    ethernet/mpls(ttl=64)/ipv4/tcp-->'eth_type=0x8847,actions=set_mpls_ttl:127,output:2'                 ERROR
        Received incorrect packet: mpls(ttl=64)/str('\x01\x02\x03\x04\x05\x06\x07\x08\t\n\x0b\x0c\r\x0e\x0f\x10\x11\x12\x13\x14\x15\x16\x17\x18\x19\x1a\x1b\x1c\x1d\x1e\x1f')
    ethernet/mpls(ttl=64)/ipv6/tcp-->'eth_type=0x8847,actions=set_mpls_ttl:127,output:2'                 ERROR
        Received incorrect packet: mpls(ttl=64)/str('\x00\x10\x00\x00\x00\x00\x00\x00\x00\x00\x00\x00\x00\x00\x00\x10\x00 \x00\x00\x00\x00\x00\x00\x00\x00\x00\x00\x00\x00\x00 +g\x08\xae\x00\x00\x00\x00\x00\x00\x00\x00`\x00\x00\x00j\\\x00\x00\x00\x00\x00\x00\x01\x02\x03\x04\x05\x06\x07\x08\t\n\x0b\x0c\r\x0e\x0f\x10\x11\x12\x13\x14\x15\x16\x17\x18\x19\x1a\x1b\x1c\x1d\x1e\x1f')
    ethernet/mpls(ttl=64)/arp-->'eth_type=0x8847,actions=set_mpls_ttl:127,output:2'                      ERROR
        Received incorrect packet: mpls(ttl=64)/str('\x12\x11\x11\x11\x11\x11\xc0\xa8\n\n""""""\xc0\xa8\x14\x14\x00\x00\x00\x00\x00\x00\x00\x00\x00\x00\x00\x00\x00\x00\x00\x00\x00\x00\x00\x00\x00\x00\x00\x00\x00\x00\x00\x00\x00\x00')
action: 16_DEC_MPLS_TTL
    ethernet/mpls(ttl=64)/ipv4/tcp-->'eth_type=0x8847,actions=dec_mpls_ttl,output:2'                     ERROR
        Received incorrect packet: mpls(ttl=64)/str('\x01\x02\x03\x04\x05\x06\x07\x08\t\n\x0b\x0c\r\x0e\x0f\x10\x11\x12\x13\x14\x15\x16\x17\x18\x19\x1a\x1b\x1c\x1d\x1e\x1f')
    ethernet/mpls(ttl=64)/ipv6/tcp-->'eth_type=0x8847,actions=dec_mpls_ttl,output:2'                     ERROR
        Received incorrect packet: mpls(ttl=64)/str('\x00\x10\x00\x00\x00\x00\x00\x00\x00\x00\x00\x00\x00\x00\x00\x10\x00 \x00\x00\x00\x00\x00\x00\x00\x00\x00\x00\x00\x00\x00 +g\x08\xae\x00\x00\x00\x00\x00\x00\x00\x00`\x00\x00\x00j\\\x00\x00\x00\x00\x00\x00\x01\x02\x03\x04\x05\x06\x07\x08\t\n\x0b\x0c\r\x0e\x0f\x10\x11\x12\x13\x14\x15\x16\x17\x18\x19\x1a\x1b\x1c\x1d\x1e\x1f')
    ethernet/mpls(ttl=64)/arp-->'eth_type=0x8847,actions=dec_mpls_ttl,output:2'                          ERROR
        Received incorrect packet: mpls(ttl=64)/str('\x12\x11\x11\x11\x11\x11\xc0\xa8\n\n""""""\xc0\xa8\x14\x14\x00\x00\x00\x00\x00\x00\x00\x00\x00\x00\x00\x00\x00\x00\x00\x00\x00\x00\x00\x00\x00\x00\x00\x00\x00\x00\x00\x00\x00\x00')
action: 17_PUSH_VLAN
    ethernet/ipv4/tcp-->'eth_type=0x0800,actions=push_vlan:0x8100,output:2'                              OK
    ethernet/ipv6/tcp-->'eth_type=0x86dd,actions=push_vlan:0x8100,output:2'                              OK
    ethernet/arp-->'eth_type=0x0806,actions=push_vlan:0x8100,output:2'                                   OK
action: 17_PUSH_VLAN (multiple)
    ethernet/vlan/ipv4/tcp-->'eth_type=0x0800,actions=push_vlan:0x88a8,output:2'                         ERROR
        Received incorrect packet: ethernet(ethertype=33024)/str('\x01\x02\x03\x04\x05\x06\x07\x08\t\n\x0b\x0c\r\x0e\x0f\x10\x11\x12\x13\x14\x15\x16\x17\x18\x19\x1a\x1b\x1c\x1d\x1e\x1f')
    ethernet/vlan/ipv6/tcp-->'eth_type=0x86dd,actions=push_vlan:0x88a8,output:2'                         ERROR
        Received incorrect packet: ethernet(ethertype=33024)/str('\x01\x02\x03\x04\x05\x06\x07\x08\t\n\x0b\x0c\r\x0e\x0f\x10\x11\x12\x13\x14\x15\x16\x17\x18\x19\x1a\x1b\x1c\x1d\x1e\x1f')
    ethernet/vlan/arp-->'eth_type=0x0806,actions=push_vlan:0x88a8,output:2'                              ERROR
        Received incorrect packet: ethernet(ethertype=33024)/str('\x00\x00\x00\x00\x00\x00\x00\x00\x00\x00\x00\x00\x00\x00\x00\x00\x00\x00\x00\x00\x00\x00\x00\x00\x00\x00\x00\x00\x00\x00')
action: 18_POP_VLAN
    ethernet/vlan(vid=100)/ipv4/tcp-->'eth_type=0x0800,vlan_vid=0,actions=pop_vlan,output:2'             OK
    ethernet/vlan(vid=100)/ipv6/tcp-->'eth_type=0x86dd,vlan_vid=0,actions=pop_vlan,output:2'             OK
    ethernet/vlan(vid=100)/arp-->'eth_type=0x0806,vlan_vid=0,actions=pop_vlan,output:2'                  OK
action: 19_PUSH_MPLS
    ethernet/ipv4/tcp-->'eth_type=0x0800,actions=push_mpls:0x8847,output:2'                              ERROR
        Received incorrect packet: ethernet(ethertype=2048)/str('\x01\x02\x03\x04\x05\x06\x07\x08\t\n\x0b\x0c\r\x0e\x0f\x10\x11\x12\x13\x14\x15\x16\x17\x18\x19\x1a\x1b\x1c\x1d\x1e\x1f')
    ethernet/ipv6/tcp-->'eth_type=0x86dd,actions=push_mpls:0x8847,output:2'                              ERROR
        Received incorrect packet: ethernet(ethertype=34525)/ipv6(dst='20::20',ext_hdrs=[],flow_label=100,hop_limit=64,nxt=6,payload_length=55,src='10::10',traffic_class=32,version=6)/tcp(ack=0,bits=0,csum=27228,dst_port=2222,offset=6,option=[TCPOptionEndOfOptionList(kind=0,length=1), TCPOptionEndOfOptionList(kind=0,length=1), TCPOptionEndOfOptionList(kind=0,length=1), TCPOptionEndOfOptionList(kind=0,length=1)],seq=0,src_port=11111,urgent=0,window_size=0)/str('\x01\x02\x03\x04\x05\x06\x07\x08\t\n\x0b\x0c\r\x0e\x0f\x10\x11\x12\x13\x14\x15\x16\x17\x18\x19\x1a\x1b\x1c\x1d\x1e\x1f')
    ethernet/arp-->'eth_type=0x0806,actions=push_mpls:0x8847,output:2'                                   ERROR
        Received incorrect packet: ethernet(ethertype=2054)/arp(dst_ip='192.168.20.20',dst_mac='22:22:22:22:22:22',hlen=6,hwtype=1,opcode=1,plen=4,proto=2048,src_ip='192.168.10.10',src_mac='12:11:11:11:11:11')/str('\x00\x00\x00\x00\x00\x00\x00\x00\x00\x00\x00\x00\x00\x00\x00\x00\x00\x00')
action: 19_PUSH_MPLS (multiple)
    ethernet/mpls/ipv4/tcp-->'eth_type=0x8847,actions=push_mpls:0x8847,output:2'                         ERROR
        Received incorrect packet: str('\x01\x02\x03\x04\x05\x06\x07\x08\t\n\x0b\x0c\r\x0e\x0f\x10\x11\x12\x13\x14\x15\x16\x17\x18\x19\x1a\x1b\x1c\x1d\x1e\x1f')
    ethernet/mpls/ipv6/tcp-->'eth_type=0x8847,actions=push_mpls:0x8847,output:2'                         ERROR
        Received incorrect packet: str('\x00\x10\x00\x00\x00\x00\x00\x00\x00\x00\x00\x00\x00\x00\x00\x10\x00 \x00\x00\x00\x00\x00\x00\x00\x00\x00\x00\x00\x00\x00 +g\x08\xae\x00\x00\x00\x00\x00\x00\x00\x00`\x00\x00\x00j\\\x00\x00\x00\x00\x00\x00\x01\x02\x03\x04\x05\x06\x07\x08\t\n\x0b\x0c\r\x0e\x0f\x10\x11\x12\x13\x14\x15\x16\x17\x18\x19\x1a\x1b\x1c\x1d\x1e\x1f')
    ethernet/mpls/arp-->'eth_type=0x8847,actions=push_mpls:0x8847,output:2'                              ERROR
        Received incorrect packet: str('\x12\x11\x11\x11\x11\x11\xc0\xa8\n\n""""""\xc0\xa8\x14\x14\x00\x00\x00\x00\x00\x00\x00\x00\x00\x00\x00\x00\x00\x00\x00\x00\x00\x00\x00\x00\x00\x00\x00\x00\x00\x00\x00\x00\x00\x00')
action: 20_POP_MPLS
    ethernet/mpls/ipv4/tcp-->'eth_type=0x8847,actions=pop_mpls:0x0800,output:2'                          ERROR
        Received incorrect packet: ethernet(ethertype=34887)/mpls(bsb=1,exp=3,label=100,ttl=64)/str('\x01\x02\x03\x04\x05\x06\x07\x08\t\n\x0b\x0c\r\x0e\x0f\x10\x11\x12\x13\x14\x15\x16\x17\x18\x19\x1a\x1b\x1c\x1d\x1e\x1f')
    ethernet/mpls/ipv6/tcp-->'eth_type=0x8847,actions=pop_mpls:0x86dd,output:2'                          ERROR
        Received incorrect packet: ethernet(ethertype=34887)/mpls(bsb=1,exp=3,label=100,ttl=64)/ipv4(csum=0,dst='0.0.0.0',flags=0,header_length=2,identification=55,offset=1600,option=None,proto=16,src='0.0.0.0',tos=0,total_length=100,ttl=0,version=6)/str('\x00\x10\x00\x00\x00\x00\x00\x00\x00\x00\x00\x00\x00\x00\x00\x10\x00 \x00\x00\x00\x00\x00\x00\x00\x00\x00\x00\x00\x00\x00 +g\x08\xae\x00\x00\x00\x00\x00\x00\x00\x00`\x00\x00\x00j\\\x00\x00\x00\x00\x00\x00\x01\x02\x03\x04\x05\x06\x07\x08\t\n\x0b\x0c\r\x0e\x0f\x10\x11\x12\x13\x14\x15\x16\x17\x18\x19\x1a\x1b\x1c\x1d\x1e\x1f')
    ethernet/mpls/arp-->'eth_type=0x8847,actions=pop_mpls:0x0806,output:2'                               ERROR
        Received incorrect packet: ethernet(ethertype=34887)/mpls(bsb=1,exp=3,label=100,ttl=64)/udp(csum=1,dst_port=2048,src_port=1,total_length=1540)/str('\x12\x11\x11\x11\x11\x11\xc0\xa8\n\n""""""\xc0\xa8\x14\x14\x00\x00\x00\x00\x00\x00\x00\x00\x00\x00\x00\x00\x00\x00\x00\x00\x00\x00')
action: 23_SET_NW_TTL (IPv4)
    ethernet/ipv4(ttl=64)/tcp-->'eth_type=0x0800,actions=set_nw_ttl:32,output:2'                         ERROR
        Received incorrect packet: ipv4(ttl=64,csum=56094)/str('\x01\x02\x03\x04\x05\x06\x07\x08\t\n\x0b\x0c\r\x0e\x0f\x10\x11\x12\x13\x14\x15\x16\x17\x18\x19\x1a\x1b\x1c\x1d\x1e\x1f')
    ethernet/vlan/ipv4(ttl=64)/tcp-->'eth_type=0x0800,actions=set_nw_ttl:32,output:2'                    ERROR
        Received incorrect packet: ipv4(ttl=64,csum=56094)/str('\x01\x02\x03\x04\x05\x06\x07\x08\t\n\x0b\x0c\r\x0e\x0f\x10\x11\x12\x13\x14\x15\x16\x17\x18\x19\x1a\x1b\x1c\x1d\x1e\x1f')
    ethernet/mpls/ipv4(ttl=64)/tcp-->'actions=pop_mpls:0x0800,goto_table:1','table_id:1,eth_type=0x0800,actions=set_nw_ttl:32,output:2' ERROR
        Receiving timeout: no change in tx_packets on target.
    ethernet/itag/ethernet/ipv4(ttl=64)/tcp-->'actions=pop_pbb,goto_table:1','table_id:1,eth_type=0x0800,actions=set_nw_ttl:32,output:2' ERROR
        Receiving timeout: no change in tx_packets on target.
action: 23_SET_NW_TTL (IPv6)
    ethernet/ipv6(hop_limit=64)/tcp-->'eth_type=0x86dd,actions=set_nw_ttl:32,output:2'                   ERROR
        Received incorrect packet: ipv6(hop_limit=64)/str('\x01\x02\x03\x04\x05\x06\x07\x08\t\n\x0b\x0c\r\x0e\x0f\x10\x11\x12\x13\x14\x15\x16\x17\x18\x19\x1a\x1b\x1c\x1d\x1e\x1f')
    ethernet/vlan/ipv6(hop_limit=64)/tcp-->'eth_type=0x86dd,actions=set_nw_ttl:32,output:2'              ERROR
        Received incorrect packet: ipv6(hop_limit=64)/str('\x01\x02\x03\x04\x05\x06\x07\x08\t\n\x0b\x0c\r\x0e\x0f\x10\x11\x12\x13\x14\x15\x16\x17\x18\x19\x1a\x1b\x1c\x1d\x1e\x1f')
    ethernet/mpls/ipv6(hop_limit=64)/tcp-->'actions=pop_mpls:0x86dd,goto_table:1','table_id:1,eth_type=0x86dd,actions=set_nw_ttl:32,output:2' ERROR
        Receiving timeout: no change in tx_packets on target.
    ethernet/itag/ethernet/ipv6(hop_limit=64)/tcp-->'actions=pop_pbb,goto_table:1','table_id:1,eth_type=0x86dd,actions=set_nw_ttl:32,output:2' ERROR
        Receiving timeout: no change in tx_packets on target.
action: 24_DEC_NW_TTL (IPv4)
    ethernet/ipv4(ttl=64)/tcp-->'eth_type=0x0800,actions=dec_nw_ttl,output:2'                            ERROR
        Received incorrect packet: ipv4(ttl=64,csum=56094)/str('\x01\x02\x03\x04\x05\x06\x07\x08\t\n\x0b\x0c\r\x0e\x0f\x10\x11\x12\x13\x14\x15\x16\x17\x18\x19\x1a\x1b\x1c\x1d\x1e\x1f')
    ethernet/vlan/ipv4(ttl=64)/tcp-->'eth_type=0x0800,actions=dec_nw_ttl,output:2'                       ERROR
        Received incorrect packet: ipv4(ttl=64,csum=56094)/str('\x01\x02\x03\x04\x05\x06\x07\x08\t\n\x0b\x0c\r\x0e\x0f\x10\x11\x12\x13\x14\x15\x16\x17\x18\x19\x1a\x1b\x1c\x1d\x1e\x1f')
    ethernet/mpls/ipv4(ttl=64)/tcp-->'actions=pop_mpls:0x0800,goto_table:1','table_id:1,eth_type=0x0800,actions=dec_nw_ttl,output:2' ERROR
        Receiving timeout: no change in tx_packets on target.
    ethernet/itag/ethernet/ipv4(ttl=64)/tcp-->'actions=pop_pbb,goto_table:1','table_id:1,eth_type=0x0800,actions=dec_nw_ttl,output:2' ERROR
        Receiving timeout: no change in tx_packets on target.
action: 24_DEC_NW_TTL (IPv6)
    ethernet/ipv6(hop_limit=64)/tcp-->'eth_type=0x86dd,actions=dec_nw_ttl,output:2'                      ERROR
        Received incorrect packet: ipv6(hop_limit=64)/str('\x01\x02\x03\x04\x05\x06\x07\x08\t\n\x0b\x0c\r\x0e\x0f\x10\x11\x12\x13\x14\x15\x16\x17\x18\x19\x1a\x1b\x1c\x1d\x1e\x1f')
    ethernet/vlan/ipv6(hop_limit=64)/tcp-->'eth_type=0x86dd,actions=dec_nw_ttl,output:2'                 ERROR
        Received incorrect packet: ipv6(hop_limit=64)/str('\x01\x02\x03\x04\x05\x06\x07\x08\t\n\x0b\x0c\r\x0e\x0f\x10\x11\x12\x13\x14\x15\x16\x17\x18\x19\x1a\x1b\x1c\x1d\x1e\x1f')
    ethernet/mpls/ipv6(hop_limit=64)/tcp-->'actions=pop_mpls:0x86dd,goto_table:1','table_id:1,eth_type=0x86dd,actions=dec_nw_ttl,output:2' ERROR
        Receiving timeout: no change in tx_packets on target.
    ethernet/itag/ethernet/ipv6(hop_limit=64)/tcp-->'actions=pop_pbb,goto_table:1','table_id:1,eth_type=0x86dd,actions=dec_nw_ttl,output:2' ERROR
        Receiving timeout: no change in tx_packets on target.
action: 26_PUSH_PBB
    ethernet/ipv4/tcp-->'eth_type=0x0800,actions=push_pbb:0x88e7,output:2'                               ERROR
        Received incorrect packet: str('\x01\x02\x03\x04\x05\x06\x07\x08\t\n\x0b\x0c\r\x0e\x0f\x10\x11\x12\x13\x14\x15\x16\x17\x18\x19\x1a\x1b\x1c\x1d\x1e\x1f')
    ethernet/ipv6/tcp-->'eth_type=0x86dd,actions=push_pbb:0x88e7,output:2'                               ERROR
        Received incorrect packet: str('\x01\x02\x03\x04\x05\x06\x07\x08\t\n\x0b\x0c\r\x0e\x0f\x10\x11\x12\x13\x14\x15\x16\x17\x18\x19\x1a\x1b\x1c\x1d\x1e\x1f')
    ethernet/arp-->'eth_type=0x0806,actions=push_pbb:0x88e7,output:2'                                    ERROR
        Received incorrect packet: str('\x00\x00\x00\x00\x00\x00\x00\x00\x00\x00\x00\x00\x00\x00\x00\x00\x00\x00')
action: 26_PUSH_PBB (multiple)
    ethernet/ipv4/tcp-->'eth_type=0x0800,actions=push_pbb:0x88e7,push_pbb:0x88e7,output:2'               ERROR
        Received incorrect packet: str('\x01\x02\x03\x04\x05\x06\x07\x08\t\n\x0b\x0c\r\x0e\x0f\x10\x11\x12\x13\x14\x15\x16\x17\x18\x19\x1a\x1b\x1c\x1d\x1e\x1f')
    ethernet/ipv6/tcp-->'eth_type=0x86dd,actions=push_pbb:0x88e7,push_pbb:0x88e7,output:2'               ERROR
        Received incorrect packet: str('\x01\x02\x03\x04\x05\x06\x07\x08\t\n\x0b\x0c\r\x0e\x0f\x10\x11\x12\x13\x14\x15\x16\x17\x18\x19\x1a\x1b\x1c\x1d\x1e\x1f')
    ethernet/arp-->'eth_type=0x0806,actions=push_pbb:0x88e7,push_pbb:0x88e7,output:2'                    ERROR
        Received incorrect packet: str('\x00\x00\x00\x00\x00\x00\x00\x00\x00\x00\x00\x00\x00\x00\x00\x00\x00\x00\x00\x00\x00\x00\x00\x00\x00\x00\x00\x00\x00\x00')
action: 27_POP_PBB
    ethernet/itag/ethernet/svlan/vlan/ipv4/tcp-->'eth_type=0x88e7,actions=pop_pbb,output:2'              ERROR
        Received incorrect packet: ethernet(ethertype=35047)/itag(dei=0,pcp=0,sid=100,uca=0)/str('\x01\x02\x03\x04\x05\x06\x07\x08\t\n\x0b\x0c\r\x0e\x0f\x10\x11\x12\x13\x14\x15\x16\x17\x18\x19\x1a\x1b\x1c\x1d\x1e\x1f')
    ethernet/itag/ethernet/svlan/vlan/ipv6/tcp-->'eth_type=0x88e7,actions=pop_pbb,output:2'              ERROR
        Received incorrect packet: ethernet(ethertype=35047)/itag(dei=0,pcp=0,sid=100,uca=0)/str('\x01\x02\x03\x04\x05\x06\x07\x08\t\n\x0b\x0c\r\x0e\x0f\x10\x11\x12\x13\x14\x15\x16\x17\x18\x19\x1a\x1b\x1c\x1d\x1e\x1f')
    ethernet/itag/ethernet/svlan/vlan/arp-->'eth_type=0x88e7,actions=pop_pbb,output:2'                   ERROR
        Received incorrect packet: ethernet(ethertype=35047)/itag(dei=0,pcp=0,sid=100,uca=0)/str('\x00\x00\x00\x00\x00\x00\x00\x00\x00\x00\x00\x00\x00\x00\x00\x00\x00\x00\x00\x00\x00\x00\x00\x00\x00\x00\x00\x00\x00\x00')
action: set_field: 03_ETH_DST
    ethernet(dst='22:22:22:22:22:22')/ipv4/tcp-->'eth_dst=22:22:22:22:22:22,actions=set_field:ba:bb:bb:bb:bb:bb->eth_dst,output:2' OK
    ethernet(dst='22:22:22:22:22:22')/ipv6/tcp-->'eth_dst=22:22:22:22:22:22,actions=set_field:ba:bb:bb:bb:bb:bb->eth_dst,output:2' OK
    ethernet(dst='22:22:22:22:22:22')/arp-->'eth_dst=22:22:22:22:22:22,actions=set_field:ba:bb:bb:bb:bb:bb->eth_dst,output:2' OK
action: set_field: 04_ETH_SRC
    ethernet(src='12:11:11:11:11:11')/ipv4/tcp-->'eth_src=12:11:11:11:11:11,actions=set_field:aa:aa:aa:aa:aa:aa->eth_src,output:2' OK
    ethernet(src='12:11:11:11:11:11')/ipv6/tcp-->'eth_src=12:11:11:11:11:11,actions=set_field:aa:aa:aa:aa:aa:aa->eth_src,output:2' OK
    ethernet(src='12:11:11:11:11:11')/arp-->'eth_src=12:11:11:11:11:11,actions=set_field:aa:aa:aa:aa:aa:aa->eth_src,output:2' OK
action: set_field: 05_ETH_TYPE
    ethernet(ethertype=0x0800)/ipv4/tcp-->'eth_type=0x0800,actions=set_field:0x8848->eth_type,output:2'  OK
    ethernet(ethertype=0x86dd)/ipv6/tcp-->'eth_type=0x86dd,actions=set_field:0x8848->eth_type,output:2'  OK
    ethernet(ethertype=0x0806)/arp-->'eth_type=0x0806,actions=set_field:0x8848->eth_type,output:2'       OK
action: set_field: 06_VLAN_VID
    ethernet/vlan(vid=100)/ipv4/tcp-->'vlan_vid=100,actions=set_field:203->vlan_vid,output:2'            ERROR
        Receiving timeout: no change in tx_packets on target.
    ethernet/vlan(vid=100)/ipv6/tcp-->'vlan_vid=100,actions=set_field:203->vlan_vid,output:2'            ERROR
        Receiving timeout: no change in tx_packets on target.
    ethernet/vlan(vid=100)/arp-->'vlan_vid=100,actions=set_field:203->vlan_vid,output:2'                 ERROR
        Receiving timeout: no change in tx_packets on target.
action: set_field: 07_VLAN_PCP
    ethernet/vlan(pcp=3)/ipv4/tcp-->'vlan_pcp=3,actions=set_field:5->vlan_pcp,output:2'                  ERROR
        Receiving timeout: no change in tx_packets on target.
    ethernet/vlan(pcp=3)/ipv6/tcp-->'vlan_pcp=3,actions=set_field:5->vlan_pcp,output:2'                  ERROR
        Receiving timeout: no change in tx_packets on target.
    ethernet/vlan(pcp=3)/arp-->'vlan_pcp=3,actions=set_field:5->vlan_pcp,output:2'                       ERROR
        Receiving timeout: no change in tx_packets on target.
action: set_field: 08_IP_DSCP (IPv4)
    ethernet/ipv4(tos=32)/tcp-->'ip_dscp=8,actions=set_field:16->ip_dscp,output:2'                       ERROR
        Received incorrect packet: ipv4(tos=32,csum=56094)/str('\x01\x02\x03\x04\x05\x06\x07\x08\t\n\x0b\x0c\r\x0e\x0f\x10\x11\x12\x13\x14\x15\x16\x17\x18\x19\x1a\x1b\x1c\x1d\x1e\x1f')
    ethernet/vlan/ipv4(tos=32)/tcp-->'ip_dscp=8,actions=set_field:16->ip_dscp,output:2'                  ERROR
        Received incorrect packet: ipv4(tos=32,csum=56094)/str('\x01\x02\x03\x04\x05\x06\x07\x08\t\n\x0b\x0c\r\x0e\x0f\x10\x11\x12\x13\x14\x15\x16\x17\x18\x19\x1a\x1b\x1c\x1d\x1e\x1f')
    ethernet/mpls/ipv4(tos=32)/tcp-->'actions=pop_mpls:0x0800,goto_table:1','table_id:1,ip_dscp=8,actions=set_field:16->ip_dscp,output:2' ERROR
        Receiving timeout: no change in tx_packets on target.
    ethernet/itag/ethernet/ipv4(tos=32)/tcp-->'actions=pop_pbb,goto_table:1','table_id:1,ip_dscp=8,actions=set_field:16->ip_dscp,output:2' ERROR
        Receiving timeout: no change in tx_packets on target.
action: set_field: 08_IP_DSCP (IPv6)
    ethernet/ipv6(traffic_class=32)/tcp-->'ip_dscp=8,actions=set_field:16->ip_dscp,output:2'             ERROR
        Received incorrect packet: ipv6(traffic_class=32)/str('\x01\x02\x03\x04\x05\x06\x07\x08\t\n\x0b\x0c\r\x0e\x0f\x10\x11\x12\x13\x14\x15\x16\x17\x18\x19\x1a\x1b\x1c\x1d\x1e\x1f')
    ethernet/vlan/ipv6(traffic_class=32)/tcp-->'ip_dscp=8,actions=set_field:16->ip_dscp,output:2'        ERROR
        Received incorrect packet: ipv6(traffic_class=32)/str('\x01\x02\x03\x04\x05\x06\x07\x08\t\n\x0b\x0c\r\x0e\x0f\x10\x11\x12\x13\x14\x15\x16\x17\x18\x19\x1a\x1b\x1c\x1d\x1e\x1f')
    ethernet/mpls/ipv6(traffic_class=32)/tcp-->'actions=pop_mpls:0x86dd,goto_table:1','table_id:1,ip_dscp=8,actions=set_field:16->ip_dscp,output:2' ERROR
        Receiving timeout: no change in tx_packets on target.
    ethernet/itag/ethernet/ipv6(traffic_class=32)/tcp-->'actions=pop_pbb,goto_table:1','table_id:1,ip_dscp=8,actions=set_field:16->ip_dscp,output:2' ERROR
        Receiving timeout: no change in tx_packets on target.
action: set_field: 09_IP_ECN (IPv4)
    ethernet/ipv4(tos=32)/tcp-->'ip_ecn=0,actions=set_field:1->ip_ecn,output:2'                          ERROR
        Received incorrect packet: ipv4(tos=32,csum=56094)/str('\x01\x02\x03\x04\x05\x06\x07\x08\t\n\x0b\x0c\r\x0e\x0f\x10\x11\x12\x13\x14\x15\x16\x17\x18\x19\x1a\x1b\x1c\x1d\x1e\x1f')
    ethernet/vlan/ipv4(tos=32)/tcp-->'ip_ecn=0,actions=set_field:1->ip_ecn,output:2'                     ERROR
        Received incorrect packet: ipv4(tos=32,csum=56094)/str('\x01\x02\x03\x04\x05\x06\x07\x08\t\n\x0b\x0c\r\x0e\x0f\x10\x11\x12\x13\x14\x15\x16\x17\x18\x19\x1a\x1b\x1c\x1d\x1e\x1f')
    ethernet/mpls/ipv4(tos=32)/tcp-->'actions=pop_mpls:0x0800,goto_table:1','table_id:1,ip_ecn=0,actions=set_field:1->ip_ecn,output:2' ERROR
        Receiving timeout: no change in tx_packets on target.
    ethernet/itag/ethernet/ipv4(tos=32)/tcp-->'actions=pop_pbb,goto_table:1','table_id:1,ip_ecn=0,actions=set_field:1->ip_ecn,output:2' ERROR
        Receiving timeout: no change in tx_packets on target.
action: set_field: 09_IP_ECN (IPv6)
    ethernet/ipv6(traffic_class=32)/tcp-->'ip_ecn=0,actions=set_field:1->ip_ecn,output:2'                ERROR
        Received incorrect packet: ipv6(traffic_class=32)/str('\x01\x02\x03\x04\x05\x06\x07\x08\t\n\x0b\x0c\r\x0e\x0f\x10\x11\x12\x13\x14\x15\x16\x17\x18\x19\x1a\x1b\x1c\x1d\x1e\x1f')
    ethernet/vlan/ipv6(traffic_class=32)/tcp-->'ip_ecn=0,actions=set_field:1->ip_ecn,output:2'           ERROR
        Received incorrect packet: ipv6(traffic_class=32)/str('\x01\x02\x03\x04\x05\x06\x07\x08\t\n\x0b\x0c\r\x0e\x0f\x10\x11\x12\x13\x14\x15\x16\x17\x18\x19\x1a\x1b\x1c\x1d\x1e\x1f')
    ethernet/mpls/ipv6(traffic_class=32)/tcp-->'actions=pop_mpls:0x86dd,goto_table:1','table_id:1,ip_ecn=0,actions=set_field:1->ip_ecn,output:2' ERROR
        Receiving timeout: no change in tx_packets on target.
    ethernet/itag/ethernet/ipv6(traffic_class=32)/tcp-->'actions=pop_pbb,goto_table:1','table_id:1,ip_ecn=0,actions=set_field:1->ip_ecn,output:2' ERROR
        Receiving timeout: no change in tx_packets on target.
action: set_field: 10_IP_PROTO (IPv4)
    ethernet/ipv4(proto=6)/tcp-->'ip_proto=6,actions=set_field:17->ip_proto,output:2'                    ERROR
        Received incorrect packet: ipv4(csum=30)
    ethernet/vlan/ipv4(proto=6)/tcp-->'ip_proto=6,actions=set_field:17->ip_proto,output:2'               ERROR
        Received incorrect packet: ipv4(csum=30)
    ethernet/mpls/ipv4(proto=6)/tcp-->'actions=pop_mpls:0x0800,goto_table:1','table_id:1,ip_proto=6,actions=set_field:17->ip_proto,output:2' ERROR
        Receiving timeout: no change in tx_packets on target.
    ethernet/itag/ethernet/ipv4(proto=6)/tcp-->'actions=pop_pbb,goto_table:1','table_id:1,ip_proto=6,actions=set_field:17->ip_proto,output:2' ERROR
        Receiving timeout: no change in tx_packets on target.
action: set_field: 10_IP_PROTO (IPv6)
    ethernet/ipv6(nxt=6)/tcp-->'ip_proto=6,actions=set_field:17->ip_proto,output:2'                      ERROR
        Receiving timeout: no change in tx_packets on target.
    ethernet/vlan/ipv6(nxt=6)/tcp-->'ip_proto=6,actions=set_field:17->ip_proto,output:2'                 ERROR
        Receiving timeout: no change in tx_packets on target.
    ethernet/mpls/ipv6(nxt=6)/tcp-->'actions=pop_mpls:0x86dd,goto_table:1','table_id:1,ip_proto=6,actions=set_field:17->ip_proto,output:2' ERROR
        Receiving timeout: no change in tx_packets on target.
    ethernet/itag/ethernet/ipv6(nxt=6)/tcp-->'actions=pop_pbb,goto_table:1','table_id:1,ip_proto=6,actions=set_field:17->ip_proto,output:2' ERROR
        Receiving timeout: no change in tx_packets on target.
action: set_field: 11_IPV4_SRC
    ethernet/ipv4(src='192.168.10.10')/tcp-->'ipv4_src=192.168.10.10,actions=set_field:10.10.10.10->ipv4_src,output:2' ERROR
        Received incorrect packet: ipv4(csum=56094)/tcp(csum=52044)/str('\x01\x02\x03\x04\x05\x06\x07\x08\t\n\x0b\x0c\r\x0e\x0f\x10\x11\x12\x13\x14\x15\x16\x17\x18\x19\x1a\x1b\x1c\x1d\x1e\x1f')
    ethernet/vlan/ipv4(src='192.168.10.10')/tcp-->'ipv4_src=192.168.10.10,actions=set_field:10.10.10.10->ipv4_src,output:2' ERROR
        Received incorrect packet: ipv4(csum=56094)/tcp(csum=52044)/str('\x01\x02\x03\x04\x05\x06\x07\x08\t\n\x0b\x0c\r\x0e\x0f\x10\x11\x12\x13\x14\x15\x16\x17\x18\x19\x1a\x1b\x1c\x1d\x1e\x1f')
    ethernet/mpls/ipv4(src='192.168.10.10')/tcp-->'actions=pop_mpls:0x0800,goto_table:1','table_id:1,ipv4_src=192.168.10.10,actions=set_field:10.10.10.10->ipv4_src,output:2' ERROR
        Receiving timeout: no change in tx_packets on target.
    ethernet/itag/ethernet/ipv4(src='192.168.10.10')/tcp-->'actions=pop_pbb,goto_table:1','table_id:1,ipv4_src=192.168.10.10,actions=set_field:10.10.10.10->ipv4_src,output:2' ERROR
        Receiving timeout: no change in tx_packets on target.
action: set_field: 12_IPV4_DST
    ethernet/ipv4(dst='192.168.20.20')/tcp-->'ipv4_dst=192.168.20.20,actions=set_field:10.10.20.20->ipv4_dst,output:2' ERROR
        Received incorrect packet: ipv4(csum=56094)/tcp(csum=52044)/str('\x01\x02\x03\x04\x05\x06\x07\x08\t\n\x0b\x0c\r\x0e\x0f\x10\x11\x12\x13\x14\x15\x16\x17\x18\x19\x1a\x1b\x1c\x1d\x1e\x1f')
    ethernet/vlan/ipv4(dst='192.168.20.20')/tcp-->'ipv4_dst=192.168.20.20,actions=set_field:10.10.20.20->ipv4_dst,output:2' ERROR
        Received incorrect packet: ipv4(csum=56094)/tcp(csum=52044)/str('\x01\x02\x03\x04\x05\x06\x07\x08\t\n\x0b\x0c\r\x0e\x0f\x10\x11\x12\x13\x14\x15\x16\x17\x18\x19\x1a\x1b\x1c\x1d\x1e\x1f')
    ethernet/mpls/ipv4(dst='192.168.20.20')/tcp-->'actions=pop_mpls:0x0800,goto_table:1','table_id:1,ipv4_dst=192.168.20.20,actions=set_field:10.10.20.20->ipv4_dst,output:2' ERROR
        Receiving timeout: no change in tx_packets on target.
    ethernet/itag/ethernet/ipv4(dst='192.168.20.20')/tcp-->'actions=pop_pbb,goto_table:1','table_id:1,ipv4_dst=192.168.20.20,actions=set_field:10.10.20.20->ipv4_dst,output:2' ERROR
        Receiving timeout: no change in tx_packets on target.
action: set_field: 13_TCP_SRC (IPv4)
    ethernet/ipv4/tcp(src_port=11111)-->'tcp_src=11111,actions=set_field:12345->tcp_src,output:2'        ERROR
        Receiving timeout: no change in tx_packets on target.
    ethernet/vlan/ipv4/tcp(src_port=11111)-->'tcp_src=11111,actions=set_field:12345->tcp_src,output:2'   ERROR
        Receiving timeout: no change in tx_packets on target.
    ethernet/mpls/ipv4/tcp(src_port=11111)-->'actions=pop_mpls:0x0800,goto_table:1','table_id:1,tcp_src=11111,actions=set_field:12345->tcp_src,output:2' ERROR
        Receiving timeout: no change in tx_packets on target.
    ethernet/itag/ethernet/ipv4/tcp(src_port=11111)-->'actions=pop_pbb,goto_table:1','table_id:1,tcp_src=11111,actions=set_field:12345->tcp_src,output:2' ERROR
        Receiving timeout: no change in tx_packets on target.
action: set_field: 13_TCP_SRC (IPv6)
    ethernet/ipv6/tcp(src_port=11111)-->'tcp_src=11111,actions=set_field:12345->tcp_src,output:2'        ERROR
        Receiving timeout: no change in tx_packets on target.
    ethernet/vlan/ipv6/tcp(src_port=11111)-->'tcp_src=11111,actions=set_field:12345->tcp_src,output:2'   ERROR
        Receiving timeout: no change in tx_packets on target.
    ethernet/mpls/ipv6/tcp(src_port=11111)-->'actions=pop_mpls:0x86dd,goto_table:1','table_id:1,tcp_src=11111,actions=set_field:12345->tcp_src,output:2' ERROR
        Receiving timeout: no change in tx_packets on target.
    ethernet/itag/ethernet/ipv6/tcp(src_port=11111)-->'actions=pop_pbb,goto_table:1','table_id:1,tcp_src=11111,actions=set_field:12345->tcp_src,output:2' ERROR
        Receiving timeout: no change in tx_packets on target.
action: set_field: 14_TCP_DST (IPv4)
    ethernet/ipv4/tcp(dst_port=2222)-->'tcp_dst=2222,actions=set_field:6789->tcp_dst,output:2'           ERROR
        Receiving timeout: no change in tx_packets on target.
    ethernet/vlan/ipv4/tcp(dst_port=2222)-->'tcp_dst=2222,actions=set_field:6789->tcp_dst,output:2'      ERROR
        Receiving timeout: no change in tx_packets on target.
    ethernet/mpls/ipv4/tcp(dst_port=2222)-->'actions=pop_mpls:0x0800,goto_table:1','table_id:1,tcp_dst=2222,actions=set_field:6789->tcp_dst,output:2' ERROR
        Receiving timeout: no change in tx_packets on target.
    ethernet/itag/ethernet/ipv4/tcp(dst_port=2222)-->'actions=pop_pbb,goto_table:1','table_id:1,tcp_dst=2222,actions=set_field:6789->tcp_dst,output:2' ERROR
        Receiving timeout: no change in tx_packets on target.
action: set_field: 14_TCP_DST (IPv6)
    ethernet/ipv6/tcp(dst_port=2222)-->'tcp_dst=2222,actions=set_field:6789->tcp_dst,output:2'           ERROR
        Receiving timeout: no change in tx_packets on target.
    ethernet/vlan/ipv6/tcp(dst_port=2222)-->'tcp_dst=2222,actions=set_field:6789->tcp_dst,output:2'      ERROR
        Receiving timeout: no change in tx_packets on target.
    ethernet/mpls/ipv6/tcp(dst_port=2222)-->'actions=pop_mpls:0x86dd,goto_table:1','table_id:1,tcp_dst=2222,actions=set_field:6789->tcp_dst,output:2' ERROR
        Receiving timeout: no change in tx_packets on target.
    ethernet/itag/ethernet/ipv6/tcp(dst_port=2222)-->'actions=pop_pbb,goto_table:1','table_id:1,tcp_dst=2222,actions=set_field:6789->tcp_dst,output:2' ERROR
        Receiving timeout: no change in tx_packets on target.
action: set_field: 15_UDP_SRC (IPv4)
    ethernet/ipv4/udp(src_port=11111)-->'udp_src=11111,actions=set_field:12345->udp_src,output:2'        ERROR
        Receiving timeout: no change in tx_packets on target.
    ethernet/vlan/ipv4/udp(src_port=11111)-->'udp_src=11111,actions=set_field:12345->udp_src,output:2'   ERROR
        Receiving timeout: no change in tx_packets on target.
    ethernet/mpls/ipv4/udp(src_port=11111)-->'actions=pop_mpls:0x0800,goto_table:1','table_id:1,udp_src=11111,actions=set_field:12345->udp_src,output:2' ERROR
        Receiving timeout: no change in tx_packets on target.
    ethernet/itag/ethernet/ipv4/udp(src_port=11111)-->'actions=pop_pbb,goto_table:1','table_id:1,udp_src=11111,actions=set_field:12345->udp_src,output:2' ERROR
        Receiving timeout: no change in tx_packets on target.
action: set_field: 15_UDP_SRC (IPv6)
    ethernet/ipv6/udp(src_port=11111)-->'udp_src=11111,actions=set_field:12345->udp_src,output:2'        ERROR
        Receiving timeout: no change in tx_packets on target.
    ethernet/vlan/ipv6/udp(src_port=11111)-->'udp_src=11111,actions=set_field:12345->udp_src,output:2'   ERROR
        Receiving timeout: no change in tx_packets on target.
    ethernet/mpls/ipv6/udp(src_port=11111)-->'actions=pop_mpls:0x86dd,goto_table:1','table_id:1,udp_src=11111,actions=set_field:12345->udp_src,output:2' ERROR
        Receiving timeout: no change in tx_packets on target.
    ethernet/itag/ethernet/ipv6/udp(src_port=11111)-->'actions=pop_pbb,goto_table:1','table_id:1,udp_src=11111,actions=set_field:12345->udp_src,output:2' ERROR
        Receiving timeout: no change in tx_packets on target.
action: set_field: 16_UDP_DST (IPv4)
    ethernet/ipv4/udp(dst_port=2222)-->'udp_dst=2222,actions=set_field:6789->udp_dst,output:2'           ERROR
        Received incorrect packet: udp(csum=11051)/str('\x01\x02\x03\x04\x05\x06\x07\x08\t\n\x0b\x0c\r\x0e\x0f\x10\x11\x12\x13\x14\x15\x16\x17\x18\x19\x1a\x1b\x1c\x1d\x1e\x1f')
    ethernet/vlan/ipv4/udp(dst_port=2222)-->'udp_dst=2222,actions=set_field:6789->udp_dst,output:2'      ERROR
        Received incorrect packet: udp(csum=11051)/str('\x01\x02\x03\x04\x05\x06\x07\x08\t\n\x0b\x0c\r\x0e\x0f\x10\x11\x12\x13\x14\x15\x16\x17\x18\x19\x1a\x1b\x1c\x1d\x1e\x1f')
    ethernet/mpls/ipv4/udp(dst_port=2222)-->'actions=pop_mpls:0x0800,goto_table:1','table_id:1,udp_dst=2222,actions=set_field:6789->udp_dst,output:2' ERROR
        Receiving timeout: no change in tx_packets on target.
    ethernet/itag/ethernet/ipv4/udp(dst_port=2222)-->'actions=pop_pbb,goto_table:1','table_id:1,udp_dst=2222,actions=set_field:6789->udp_dst,output:2' ERROR
        Receiving timeout: no change in tx_packets on target.
action: set_field: 16_UDP_DST (IPv6)
    ethernet/ipv6/udp(dst_port=2222)-->'udp_dst=2222,actions=set_field:6789->udp_dst,output:2'           ERROR
        Receiving timeout: no change in tx_packets on target.
    ethernet/vlan/ipv6/udp(dst_port=2222)-->'udp_dst=2222,actions=set_field:6789->udp_dst,output:2'      ERROR
        Receiving timeout: no change in tx_packets on target.
    ethernet/mpls/ipv6/udp(dst_port=2222)-->'actions=pop_mpls:0x86dd,goto_table:1','table_id:1,udp_dst=2222,actions=set_field:6789->udp_dst,output:2' ERROR
        Receiving timeout: no change in tx_packets on target.
    ethernet/itag/ethernet/ipv6/udp(dst_port=2222)-->'actions=pop_pbb,goto_table:1','table_id:1,udp_dst=2222,actions=set_field:6789->udp_dst,output:2' ERROR
        Receiving timeout: no change in tx_packets on target.
action: set_field: 17_SCTP_SRC (IPv4)
    ethernet/ipv4/sctp(src_port=11111)-->'sctp_src=11111,actions=set_field:12345->sctp_src,output:2'     ERROR
        Received incorrect packet: sctp(csum=3265917663,src_port=11111)
    ethernet/vlan/ipv4/sctp(src_port=11111)-->'sctp_src=11111,actions=set_field:12345->sctp_src,output:2' ERROR
        Received incorrect packet: sctp(csum=3265917663,src_port=11111)
    ethernet/mpls/ipv4/sctp(src_port=11111)-->'actions=pop_mpls:0x0800,goto_table:1','table_id:1,sctp_src=11111,actions=set_field:12345->sctp_src,output:2' ERROR
        Receiving timeout: no change in tx_packets on target.
    ethernet/itag/ethernet/ipv4/sctp(src_port=11111)-->'actions=pop_pbb,goto_table:1','table_id:1,sctp_src=11111,actions=set_field:12345->sctp_src,output:2' ERROR
        Receiving timeout: no change in tx_packets on target.
action: set_field: 17_SCTP_SRC (IPv6)
    ethernet/ipv6/udp(sctp_port=11111)-->'sctp_src=11111,actions=set_field:12345->sctp_src,output:2'     ERROR
        Receiving timeout: no change in tx_packets on target.
    ethernet/vlan/ipv6/sctp(src_port=11111)-->'sctp_src=11111,actions=set_field:12345->sctp_src,output:2' ERROR
        Receiving timeout: no change in tx_packets on target.
    ethernet/mpls/ipv6/sctp(src_port=11111)-->'actions=pop_mpls:0x86dd,goto_table:1','table_id:1,sctp_src=11111,actions=set_field:12345->sctp_src,output:2' ERROR
        Receiving timeout: no change in tx_packets on target.
    ethernet/itag/ethernet/ipv6/sctp(src_port=11111)-->'actions=pop_pbb,goto_table:1','table_id:1,sctp_src=11111,actions=set_field:12345->sctp_src,output:2' ERROR
        Receiving timeout: no change in tx_packets on target.
action: set_field: 18_SCTP_DST (IPv4)
    ethernet/ipv4/sctp(dst_port=2222)-->'sctp_dst=2222,actions=set_field:6789->sctp_dst,output:2'        ERROR
        Received incorrect packet: sctp(csum=3265917663,dst_port=2222)
    ethernet/vlan/ipv4/sctp(dst_port=2222)-->'sctp_dst=2222,actions=set_field:6789->sctp_dst,output:2'   ERROR
        Received incorrect packet: sctp(csum=3265917663,dst_port=2222)
    ethernet/mpls/ipv4/sctp(dst_port=2222)-->'actions=pop_mpls:0x0800,goto_table:1','table_id:1,sctp_dst=2222,actions=set_field:6789->sctp_dst,output:2' ERROR
        Receiving timeout: no change in tx_packets on target.
    ethernet/itag/ethernet/ipv4/sctp(dst_port=2222)-->'actions=pop_pbb,goto_table:1','table_id:1,sctp_dst=2222,actions=set_field:6789->sctp_dst,output:2' ERROR
        Receiving timeout: no change in tx_packets on target.
action: set_field: 18_SCTP_DST (IPv6)
    ethernet/ipv6/sctp(dst_port=2222)-->'sctp_dst=2222,actions=set_field:6789->sctp_dst,output:2'        ERROR
        Receiving timeout: no change in tx_packets on target.
    ethernet/vlan/ipv6/sctp(dst_port=2222)-->'sctp_dst=2222,actions=set_field:6789->sctp_dst,output:2'   ERROR
        Receiving timeout: no change in tx_packets on target.
    ethernet/mpls/ipv6/sctp(dst_port=2222)-->'actions=pop_mpls:0x86dd,goto_table:1','table_id:1,sctp_dst=2222,actions=set_field:6789->sctp_dst,output:2' ERROR
        Receiving timeout: no change in tx_packets on target.
    ethernet/itag/ethernet/ipv6/sctp(dst_port=2222)-->'actions=pop_pbb,goto_table:1','table_id:1,sctp_dst=2222,actions=set_field:6789->sctp_dst,output:2' ERROR
        Receiving timeout: no change in tx_packets on target.
action: set_field: 19_ICMPV4_TYPE
    ethernet/ipv4/icmp(type=8)-->'icmpv4_type=8,actions=set_field:0->icmpv4_type,output:2'               ERROR
        Received incorrect packet: icmp(csum=23002)
    ethernet/vlan/ipv4/icmp(type=8)-->'icmpv4_type=8,actions=set_field:0->icmpv4_type,output:2'          ERROR
        Received incorrect packet: icmp(csum=23002)
    ethernet/mpls/ipv4/icmp(type=8)-->'actions=pop_mpls:0x0800,goto_table:1','table_id:1,icmpv4_type=8,actions=set_field:0->icmpv4_type,output:2' ERROR
        Receiving timeout: no change in tx_packets on target.
    ethernet/itag/ethernet/ipv4/icmp(type=8)-->'actions=pop_pbb,goto_table:1','table_id:1,icmpv4_type=8,actions=set_field:0->icmpv4_type,output:2' ERROR
        Receiving timeout: no change in tx_packets on target.
action: set_field: 20_ICMPV4_CODE
    ethernet/ipv4/icmp(code=0)-->'icmpv4_code=0,actions=set_field:10->icmpv4_code,output:2'              ERROR
        Received incorrect packet: icmp(csum=23002)
    ethernet/vlan/ipv4/icmp(code=0)-->'icmpv4_code=0,actions=set_field:10->icmpv4_code,output:2'         ERROR
        Received incorrect packet: icmp(csum=23002)
    ethernet/mpls/ipv4/icmp(code=0)-->'actions=pop_mpls:0x0800,goto_table:1','table_id:1,icmpv4_code=0,actions=set_field:10->icmpv4_code,output:2' ERROR
        Receiving timeout: no change in tx_packets on target.
    ethernet/itag/ethernet/ipv4/icmp(code=0)-->'actions=pop_pbb,goto_table:1','table_id:1,icmpv4_code=0,actions=set_field:10->icmpv4_code,output:2' ERROR
        Receiving timeout: no change in tx_packets on target.
action: set_field: 21_ARP_OP
    ethernet/arp(opcode=1)-->'arp_op=1,actions=set_field:2->arp_op,output:2'                             OK
    ethernet/vlan/arp(opcode=1)-->'arp_op=1,actions=set_field:2->arp_op,output:2'                        OK
    ethernet/mpls/arp(opcode=1)-->'actions=pop_mpls:0x0800,goto_table:1','table_id:1,arp_op=1,actions=set_field:2->arp_op,output:2' ERROR
        Receiving timeout: no change in tx_packets on target.
    ethernet/itag/ethernet/arp(opcode=1)-->'actions=pop_pbb,goto_table:1','table_id:1,arp_op=1,actions=set_field:2->arp_op,output:2' ERROR
        Receiving timeout: no change in tx_packets on target.
action: set_field: 22_ARP_SPA
    ethernet/arp(src_ip='192.168.10.10')-->'arp_spa=192.168.10.10,actions=set_field:10.10.10.10->arp_spa,output:2' OK
    ethernet/vlan/arp(src_ip='192.168.10.10')-->'arp_spa=192.168.10.10,actions=set_field:10.10.10.10->arp_spa,output:2' OK
    ethernet/mpls/arp(src_ip='192.168.10.10')-->'actions=pop_mpls:0x0800,goto_table:1','table_id:1,arp_spa=192.168.10.10,actions=set_field:10.10.10.10->arp_spa,output:2' ERROR
        Receiving timeout: no change in tx_packets on target.
    ethernet/itag/ethernet/arp(src_ip='192.168.10.10')-->'actions=pop_pbb,goto_table:1','table_id:1,arp_spa=192.168.10.10,actions=set_field:10.10.10.10->arp_spa,output:2' ERROR
        Receiving timeout: no change in tx_packets on target.
action: set_field: 23_ARP_TPA
    ethernet/arp(dst_ip='192.168.20.20')-->'arp_tpa=192.168.20.20,actions=set_field:10.10.20.20->arp_tpa,output:2' OK
    ethernet/vlan/arp(dst_ip='192.168.20.20')-->'arp_tpa=192.168.20.20,actions=set_field:10.10.20.20->arp_tpa,output:2' OK
    ethernet/mpls/arp(dst_ip='192.168.20.20')-->'actions=pop_mpls:0x0800,goto_table:1','table_id:1,arp_tpa=192.168.20.20,actions=set_field:10.10.20.20->arp_tpa,output:2' ERROR
        Receiving timeout: no change in tx_packets on target.
    ethernet/itag/ethernet/arp(dst_ip='192.168.20.20')-->'actions=pop_pbb,goto_table:1','table_id:1,arp_tpa=192.168.20.20,actions=set_field:10.10.20.20->arp_tpa,output:2' ERROR
        Receiving timeout: no change in tx_packets on target.
action: set_field: 24_ARP_SHA
    ethernet/arp(src_mac='12:11:11:11:11:11')-->'arp_sha=12:11:11:11:11:11,actions=set_field:aa:aa:aa:aa:aa:aa->arp_sha,output:2' OK
    ethernet/vlan/arp(src_mac='12:11:11:11:11:11')-->'arp_sha=12:11:11:11:11:11,actions=set_field:aa:aa:aa:aa:aa:aa->arp_sha,output:2' OK
    ethernet/mpls/arp(src_mac='12:11:11:11:11:11')-->'actions=pop_mpls:0x0800,goto_table:1','table_id:1,arp_sha=12:11:11:11:11:11,actions=set_field:aa:aa:aa:aa:aa:aa->arp_sha,output:2' ERROR
        Receiving timeout: no change in tx_packets on target.
    ethernet/itag/ethernet/arp(src_mac='12:11:11:11:11:11')-->'actions=pop_pbb,goto_table:1','table_id:1,arp_sha=12:11:11:11:11:11,actions=set_field:aa:aa:aa:aa:aa:aa->arp_sha,output:2' ERROR
        Receiving timeout: no change in tx_packets on target.
action: set_field: 25_ARP_THA
    ethernet/arp(dst_mac='22:22:22:22:22:22')-->'arp_tha=22:22:22:22:22:22,actions=set_field:ba:bb:bb:bb:bb:bb->arp_tha,output:2' OK
    ethernet/vlan/arp(dst_mac='22:22:22:22:22:22')-->'arp_tha=22:22:22:22:22:22,actions=set_field:ba:bb:bb:bb:bb:bb->arp_tha,output:2' OK
    ethernet/mpls/arp(dst_mac='22:22:22:22:22:22')-->'actions=pop_mpls:0x0800,goto_table:1','table_id:1,arp_tha=22:22:22:22:22:22,actions=set_field:ba:bb:bb:bb:bb:bb->arp_tha,output:2' ERROR
        Receiving timeout: no change in tx_packets on target.
    ethernet/itag/ethernet/arp(dst_mac='22:22:22:22:22:22')-->'actions=pop_pbb,goto_table:1','table_id:1,arp_tha=22:22:22:22:22:22,actions=set_field:ba:bb:bb:bb:bb:bb->arp_tha,output:2' ERROR
        Receiving timeout: no change in tx_packets on target.
action: set_field: 26_IPV6_SRC
    ethernet/ipv6(src='10::10')/tcp-->'ipv6_src=10::10,actions=set_field:a0::a0->ipv6_src,output:2'      ERROR
        Received incorrect packet: ipv6(src='10::10')/tcp(csum=27228)/str('\x01\x02\x03\x04\x05\x06\x07\x08\t\n\x0b\x0c\r\x0e\x0f\x10\x11\x12\x13\x14\x15\x16\x17\x18\x19\x1a\x1b\x1c\x1d\x1e\x1f')
    ethernet/vlan/ipv6(src='10::10')/tcp-->'ipv6_src=10::10,actions=set_field:a0::a0->ipv6_src,output:2' ERROR
        Received incorrect packet: ipv6(src='10::10')/tcp(csum=27228)/str('\x01\x02\x03\x04\x05\x06\x07\x08\t\n\x0b\x0c\r\x0e\x0f\x10\x11\x12\x13\x14\x15\x16\x17\x18\x19\x1a\x1b\x1c\x1d\x1e\x1f')
    ethernet/mpls/ipv6(src='10::10')/tcp-->'actions=pop_mpls:0x86dd,goto_table:1','table_id:1,ipv6_src=10::10,actions=set_field:a0::a0->ipv6_src,output:2' ERROR
        Receiving timeout: no change in tx_packets on target.
    ethernet/itag/ethernet/ipv6(src='10::10')/tcp-->'actions=pop_pbb,goto_table:1','table_id:1,ipv6_src=10::10,actions=set_field:a0::a0->ipv6_src,output:2' ERROR
        Receiving timeout: no change in tx_packets on target.
action: set_field: 27_IPV6_DST
    ethernet/ipv6(dst='20::20')/tcp-->'ipv6_dst=20::20,actions=set_field:b0::b0->ipv6_dst,output:2'      ERROR
        Received incorrect packet: ipv6(dst='20::20')/tcp(csum=27228)/str('\x01\x02\x03\x04\x05\x06\x07\x08\t\n\x0b\x0c\r\x0e\x0f\x10\x11\x12\x13\x14\x15\x16\x17\x18\x19\x1a\x1b\x1c\x1d\x1e\x1f')
    ethernet/vlan/ipv6(dst='20::20')/tcp-->'ipv6_dst=20::20,actions=set_field:b0::b0->ipv6_dst,output:2' ERROR
        Received incorrect packet: ipv6(dst='20::20')/tcp(csum=27228)/str('\x01\x02\x03\x04\x05\x06\x07\x08\t\n\x0b\x0c\r\x0e\x0f\x10\x11\x12\x13\x14\x15\x16\x17\x18\x19\x1a\x1b\x1c\x1d\x1e\x1f')
    ethernet/mpls/ipv6(dst='20::20')/tcp-->'actions=pop_mpls:0x86dd,goto_table:1','table_id:1,ipv6_dst=20::20,actions=set_field:b0::b0->ipv6_dst,output:2' ERROR
        Receiving timeout: no change in tx_packets on target.
    ethernet/itag/ethernet/ipv6(dst='20::20')/tcp--->'actions=pop_pbb,goto_table:1','table_id:1,ipv6_dst=20::20,actions=set_field:b0::b0->ipv6_dst,output:2' ERROR
        Receiving timeout: no change in tx_packets on target.
action: set_field: 28_IPV6_FLABEL
    ethernet/ipv6(flow_label=100)/tcp-->'ipv6_flabel=100,actions=set_field:203->ipv6_flabel,output:2'    ERROR
        Received incorrect packet: ipv6(flow_label=100)/str('\x01\x02\x03\x04\x05\x06\x07\x08\t\n\x0b\x0c\r\x0e\x0f\x10\x11\x12\x13\x14\x15\x16\x17\x18\x19\x1a\x1b\x1c\x1d\x1e\x1f')
    ethernet/vlan/ipv6(flow_label=100)/tcp-->'ipv6_flabel=100,actions=set_field:203->ipv6_flabel,output:2' ERROR
        Received incorrect packet: ipv6(flow_label=100)/str('\x01\x02\x03\x04\x05\x06\x07\x08\t\n\x0b\x0c\r\x0e\x0f\x10\x11\x12\x13\x14\x15\x16\x17\x18\x19\x1a\x1b\x1c\x1d\x1e\x1f')
    ethernet/mpls/ipv6(flow_label=100)/tcp-->'actions=pop_mpls:0x86dd,goto_table:1','table_id:1,ipv6_flabel=100,actions=set_field:203->ipv6_flabel,output:2' ERROR
        Receiving timeout: no change in tx_packets on target.
    ethernet/itag/ethernet/ipv6(flow_label=100)/tcp-->'actions=pop_pbb,goto_table:1','table_id:1,ipv6_flabel=100,actions=set_field:203->ipv6_flabel,output:2' ERROR
        Receiving timeout: no change in tx_packets on target.
action: set_field: 29_ICMPV6_TYPE
    ethernet/ipv6/icmpv6(type=128)-->'icmpv6_type=128,actions=set_field:135->icmpv6_type,output:2'       ERROR
        Receiving timeout: no change in tx_packets on target.
    ethernet/vlan/ipv6/icmpv6(type=128)-->'icmpv6_type=128,actions=set_field:135->icmpv6_type,output:2'  ERROR
        Receiving timeout: no change in tx_packets on target.
    ethernet/mpls/ipv6/icmpv6(type=128)-->'actions=pop_mpls:0x86dd,goto_table:1','table_id:1,icmpv6_type=128,actions=set_field:135->icmpv6_type,output:2' ERROR
        Receiving timeout: no change in tx_packets on target.
    ethernet/itag/ethernet/ipv6/icmpv6(type=128)-->'actions=pop_pbb,goto_table:1','table_id:1,icmpv6_type=128,actions=set_field:135->icmpv6_type,output:2' ERROR
        Receiving timeout: no change in tx_packets on target.
action: set_field: 30_ICMPV6_CODE
    ethernet/ipv6/icmpv6(code=0)-->'icmpv6_code=0,actions=set_field:1->icmpv6_code,output:2'             ERROR
        Receiving timeout: no change in tx_packets on target.
    ethernet/vlan/ipv6/icmpv6(code=0)-->'icmpv6_code=0,actions=set_field:1->icmpv6_code,output:2'        ERROR
        Receiving timeout: no change in tx_packets on target.
    ethernet/mpls/ipv6/icmpv6(code=0)-->'actions=pop_mpls:0x86dd,goto_table:1','table_id:1,icmpv6_code=0,actions=set_field:1->icmpv6_code,output:2' ERROR
        Receiving timeout: no change in tx_packets on target.
    ethernet/itag/ethernet/ipv6/icmpv6(code=0)-->'actions=pop_pbb,goto_table:1','table_id:1,icmpv6_code=0,actions=set_field:1->icmpv6_code,output:2' ERROR
        Receiving timeout: no change in tx_packets on target.
action: set_field: 31_IPV6_ND_TARGET
    ethernet/ipv6/icmpv6(data=nd_neighbor(dst='20::20'))-->'ipv6_nd_target=20::20,actions=set_field:a0::a0->ipv6_nd_target,output:2' ERROR
        Receiving timeout: no change in tx_packets on target.
    ethernet/vlan/ipv6/icmpv6(data=nd_neighbor(dst='20::20'))-->'ipv6_nd_target=20::20,actions=set_field:a0::a0->ipv6_nd_target,output:2' ERROR
        Receiving timeout: no change in tx_packets on target.
    ethernet/mpls/ipv6/icmpv6(data=nd_neighbor(dst='20::20'))-->'actions=pop_mpls:0x86dd,goto_table:1','table_id:1,ipv6_nd_target=20::20,actions=set_field:a0::a0->ipv6_nd_target,output:2' ERROR
        Receiving timeout: no change in tx_packets on target.
    ethernet/itag/ethernet/ipv6/icmpv6(data=nd_neighbor(dst='20::20'))-->'actions=pop_pbb,goto_table:1','table_id:1,ipv6_nd_target=20::20,actions=set_field:a0::a0->ipv6_nd_target,output:2' ERROR
        Receiving timeout: no change in tx_packets on target.
action: set_field: 32_IPV6_ND_SLL
    ethernet/ipv6/icmpv6(data=nd_neighbor(option=nd_option_sla(hw_src='22:22:22:22:22:22')))-->'ipv6_nd_sll=22:22:22:22:22:22,actions=set_field:aa:aa:aa:aa:aa:aa->ipv6_nd_sll,output:2' ERROR
        Receiving timeout: no change in tx_packets on target.
    ethernet/vlan/ipv6/icmpv6(data=nd_neighbor(option=nd_option_sla(hw_src='22:22:22:22:22:22')))-->'ipv6_nd_sll=12:11:11:11:11,actions=set_field:aa:aa:aa:aa:aa:aa->ipv6_nd_sll,output:2' ERROR
        Receiving timeout: no change in tx_packets on target.
    ethernet/mpls/ipv6/icmpv6(data=nd_neighbor(option=nd_option_sla(hw_src='22:22:22:22:22:22')))-->'actions=pop_mpls:0x86dd,goto_table:1','table_id:1,ipv6_nd_sll=22:22:22:22:22:22,actions=set_field:aa:aa:aa:aa:aa:aa->ipv6_nd_sll,output:2' ERROR
        Receiving timeout: no change in tx_packets on target.
    ethernet/itag/ethernet/ipv6/icmpv6(data=nd_neighbor(option=nd_option_sla(hw_src='22:22:22:22:22:22')))-->'actions=pop_pbb,goto_table:1','table_id:1,ipv6_nd_sll=22:22:22:22:22:22,actions=set_field:aa:aa:aa:aa:aa:aa->ipv6_nd_sll,output:2' ERROR
        Receiving timeout: no change in tx_packets on target.
action: set_field: 33_IPV6_ND_TLL
    ethernet/ipv6/icmpv6(data=nd_neighbor(option=nd_option_tla(hw_src='22:22:22:22:22:22')))-->'ipv6_nd_tll=22:22:22:22:22:22,actions=set_field:aa:aa:aa:aa:aa:aa->ipv6_nd_tll,output:2' ERROR
        Receiving timeout: no change in tx_packets on target.
    ethernet/vlan/ipv6/icmpv6(data=nd_neighbor(option=nd_option_tla(hw_src='22:22:22:22:22:22')))-->'ipv6_nd_tll=22:22:22:22:22:22,actions=set_field:aa:aa:aa:aa:aa:aa->ipv6_nd_tll,output:2' ERROR
        Receiving timeout: no change in tx_packets on target.
    ethernet/mpls/ipv6/icmpv6(data=nd_neighbor(option=nd_option_tla(hw_src='22:22:22:22:22:22')))-->'actions=pop_mpls:0x86dd,goto_table:1','table_id:1,ipv6_nd_tll=22:22:22:22:22:22,actions=set_field:aa:aa:aa:aa:aa:aa->ipv6_nd_tll,output:2' ERROR
        Receiving timeout: no change in tx_packets on target.
    ethernet/itag/ethernet/ipv6/icmpv6(data=nd_neighbor(option=nd_option_tla(hw_src='22:22:22:22:22:22')))-->'actions=pop_pbb,goto_table:1','table_id:1,ipv6_nd_tll=22:22:22:22:22:22,actions=set_field:aa:aa:aa:aa:aa:aa->ipv6_nd_tll,output:2' ERROR
        Receiving timeout: no change in tx_packets on target.
action: set_field: 34_MPLS_LABEL
    ethernet/mpls(label=100)/ipv4/tcp-->'mpls_label=100,actions=set_field:203->mpls_label,output:2'      ERROR
        Received incorrect packet: mpls(label=100)/str('\x01\x02\x03\x04\x05\x06\x07\x08\t\n\x0b\x0c\r\x0e\x0f\x10\x11\x12\x13\x14\x15\x16\x17\x18\x19\x1a\x1b\x1c\x1d\x1e\x1f')
    ethernet/mpls(label=100)/ipv6/tcp-->'mpls_label=100,actions=set_field:203->mpls_label,output:2'      ERROR
        Received incorrect packet: mpls(label=100)/str('\x00\x10\x00\x00\x00\x00\x00\x00\x00\x00\x00\x00\x00\x00\x00\x10\x00 \x00\x00\x00\x00\x00\x00\x00\x00\x00\x00\x00\x00\x00 +g\x08\xae\x00\x00\x00\x00\x00\x00\x00\x00`\x00\x00\x00j\\\x00\x00\x00\x00\x00\x00\x01\x02\x03\x04\x05\x06\x07\x08\t\n\x0b\x0c\r\x0e\x0f\x10\x11\x12\x13\x14\x15\x16\x17\x18\x19\x1a\x1b\x1c\x1d\x1e\x1f')
    ethernet/mpls(label=100)/arp-->'mpls_label=100,actions=set_field:203->mpls_label,output:2'           ERROR
        Received incorrect packet: mpls(label=100)/str('\x12\x11\x11\x11\x11\x11\xc0\xa8\n\n""""""\xc0\xa8\x14\x14\x00\x00\x00\x00\x00\x00\x00\x00\x00\x00\x00\x00\x00\x00\x00\x00\x00\x00\x00\x00\x00\x00\x00\x00\x00\x00\x00\x00\x00\x00')
action: set_field: 35_MPLS_TC
    ethernet/mpls(exp=3)/ipv4/tcp-->'mpls_tc=3,actions=set_field:5->mpls_tc,output:2'                    ERROR
        Received incorrect packet: mpls(exp=3)/str('\x01\x02\x03\x04\x05\x06\x07\x08\t\n\x0b\x0c\r\x0e\x0f\x10\x11\x12\x13\x14\x15\x16\x17\x18\x19\x1a\x1b\x1c\x1d\x1e\x1f')
    ethernet/mpls(exp=3)/ipv6/tcp-->'mpls_tc=3,actions=set_field:5->mpls_tc,output:2'                    ERROR
        Received incorrect packet: mpls(exp=3)/str('\x00\x10\x00\x00\x00\x00\x00\x00\x00\x00\x00\x00\x00\x00\x00\x10\x00 \x00\x00\x00\x00\x00\x00\x00\x00\x00\x00\x00\x00\x00 +g\x08\xae\x00\x00\x00\x00\x00\x00\x00\x00`\x00\x00\x00j\\\x00\x00\x00\x00\x00\x00\x01\x02\x03\x04\x05\x06\x07\x08\t\n\x0b\x0c\r\x0e\x0f\x10\x11\x12\x13\x14\x15\x16\x17\x18\x19\x1a\x1b\x1c\x1d\x1e\x1f')
    ethernet/mpls(exp=3)/arp-->'mpls_tc=3,actions=set_field:5->mpls_tc,output:2'                         ERROR
        Received incorrect packet: mpls(exp=3)/str('\x12\x11\x11\x11\x11\x11\xc0\xa8\n\n""""""\xc0\xa8\x14\x14\x00\x00\x00\x00\x00\x00\x00\x00\x00\x00\x00\x00\x00\x00\x00\x00\x00\x00\x00\x00\x00\x00\x00\x00\x00\x00\x00\x00\x00\x00')
action: set_field: 36_MPLS_BOS
    ethernet/mpls(bsb=1)/ipv4/tcp-->'mpls_bos=1,actions=set_field:0->mpls_bos,output:2'                  ERROR
        Received incorrect packet: mpls(bsb=1,exp=3,label=100,ttl=64)/ipv4(csum=56094,dst='192.168.20.20',flags=0,header_length=5,identification=0,offset=0,option=None,proto=6,src='192.168.10.10',tos=32,total_length=75,ttl=64,version=4)/tcp(ack=0,bits=0,csum=52044,dst_port=2222,offset=6,option=[TCPOptionEndOfOptionList(kind=0,length=1), TCPOptionEndOfOptionList(kind=0,length=1), TCPOptionEndOfOptionList(kind=0,length=1), TCPOptionEndOfOptionList(kind=0,length=1)],seq=0,src_port=11111,urgent=0,window_size=0)/str('\x01\x02\x03\x04\x05\x06\x07\x08\t\n\x0b\x0c\r\x0e\x0f\x10\x11\x12\x13\x14\x15\x16\x17\x18\x19\x1a\x1b\x1c\x1d\x1e\x1f')
    ethernet/mpls(bsb=1)/ipv6/tcp-->'mpls_bos=1,actions=set_field:0->mpls_bos,output:2'                  ERROR
        Received incorrect packet: mpls(bsb=1,exp=3,label=100,ttl=64)/ipv4(src='0.0.0.0',header_length=2,proto=16,ttl=0,tos=0,dst='0.0.0.0',offset=1600,version=6,total_length=100,csum=0,identification=55)/str('\x00\x10\x00\x00\x00\x00\x00\x00\x00\x00\x00\x00\x00\x00\x00\x10\x00 \x00\x00\x00\x00\x00\x00\x00\x00\x00\x00\x00\x00\x00 +g\x08\xae\x00\x00\x00\x00\x00\x00\x00\x00`\x00\x00\x00j\\\x00\x00\x00\x00\x00\x00\x01\x02\x03\x04\x05\x06\x07\x08\t\n\x0b\x0c\r\x0e\x0f\x10\x11\x12\x13\x14\x15\x16\x17\x18\x19\x1a\x1b\x1c\x1d\x1e\x1f')
    ethernet/mpls(bsb=1)/arp-->'mpls_bos=1,actions=set_field:0->mpls_bos,output:2'                       ERROR
        Received incorrect packet: mpls(bsb=1,exp=3,label=100,ttl=64)/udp(csum=1,dst_port=2048,src_port=1,total_length=1540)/str('\x12\x11\x11\x11\x11\x11\xc0\xa8\n\n""""""\xc0\xa8\x14\x14\x00\x00\x00\x00\x00\x00\x00\x00\x00\x00\x00\x00\x00\x00\x00\x00\x00\x00\x00\x00\x00\x00\x00\x00\x00\x00\x00\x00\x00\x00')
action: set_field: 37_PBB_ISID
    ethernet/svlan/itag(sid=100)/ethernet/svlan/vlan/ipv4/tcp-->'pbb_itag=100,actions=set_field:203->pbb_itag,output:2' ERROR
        Receiving timeout: no change in tx_packets on target.
    ethernet/svlan/itag(sid=100)/ethernet/svlan/vlan/ipv6/tcp-->'pbb_itag=100,actions=set_field:203->pbb_itag,output:2' ERROR
        Receiving timeout: no change in tx_packets on target.
    ethernet/svlan/itag(sid=100)/ethernet/svlan/vlan/arp-->'pbb_itag=100,actions=set_field:203->pbb_itag,output:2' ERROR
        Receiving timeout: no change in tx_packets on target.
action: set_field: 38_TUNNEL_ID
    ethernet/ipv4/tcp-->'actions=set_field:12345->tunnel_id,goto_table:1','table_id:1,tunnel_id=12345,actions=output:2' OK
    ethernet/ipv6/tcp-->'actions=set_field:12345->tunnel_id,goto_table:1','table_id:1,tunnel_id=12345,actions=output:2' OK
    ethernet/arp-->'actions=set_field:12345->tunnel_id,goto_table:1','table_id:1,tunnel_id=12345,actions=output:2' OK
---  Test end  ---

--- Test report ---
Received incorrect packet(78)
    action: 11_COPY_TTL_OUT                  ethernet/mpls(ttl=64)/ipv4(ttl=32)/tcp-->'eth_type=0x8847,actions=copy_ttl_out,output:2'
    action: 11_COPY_TTL_OUT                  ethernet/mpls(ttl=64)/ipv6(hop_limit=32)/tcp-->'eth_type=0x8847,actions=copy_ttl_out,output:2'
    action: 12_COPY_TTL_IN                   ethernet/mpls(ttl=64)/ipv4(ttl=32)/tcp-->'eth_type=0x8847,actions=copy_ttl_in,output:2'
    action: 12_COPY_TTL_IN                   ethernet/mpls(ttl=64)/ipv6(hop_limit=32)/tcp-->'eth_type=0x8847,actions=copy_ttl_in,output:2'
    action: 15_SET_MPLS_TTL                  ethernet/mpls(ttl=64)/ipv4/tcp-->'eth_type=0x8847,actions=set_mpls_ttl:127,output:2'
    action: 15_SET_MPLS_TTL                  ethernet/mpls(ttl=64)/ipv6/tcp-->'eth_type=0x8847,actions=set_mpls_ttl:127,output:2'
    action: 15_SET_MPLS_TTL                  ethernet/mpls(ttl=64)/arp-->'eth_type=0x8847,actions=set_mpls_ttl:127,output:2'
    action: 16_DEC_MPLS_TTL                  ethernet/mpls(ttl=64)/ipv4/tcp-->'eth_type=0x8847,actions=dec_mpls_ttl,output:2'
    action: 16_DEC_MPLS_TTL                  ethernet/mpls(ttl=64)/ipv6/tcp-->'eth_type=0x8847,actions=dec_mpls_ttl,output:2'
    action: 16_DEC_MPLS_TTL                  ethernet/mpls(ttl=64)/arp-->'eth_type=0x8847,actions=dec_mpls_ttl,output:2'
    action: 17_PUSH_VLAN (multiple)          ethernet/vlan/ipv4/tcp-->'eth_type=0x0800,actions=push_vlan:0x88a8,output:2'
    action: 17_PUSH_VLAN (multiple)          ethernet/vlan/ipv6/tcp-->'eth_type=0x86dd,actions=push_vlan:0x88a8,output:2'
    action: 17_PUSH_VLAN (multiple)          ethernet/vlan/arp-->'eth_type=0x0806,actions=push_vlan:0x88a8,output:2'
    action: 19_PUSH_MPLS                     ethernet/ipv4/tcp-->'eth_type=0x0800,actions=push_mpls:0x8847,output:2'
    action: 19_PUSH_MPLS                     ethernet/ipv6/tcp-->'eth_type=0x86dd,actions=push_mpls:0x8847,output:2'
    action: 19_PUSH_MPLS                     ethernet/arp-->'eth_type=0x0806,actions=push_mpls:0x8847,output:2'
    action: 19_PUSH_MPLS (multiple)          ethernet/mpls/ipv4/tcp-->'eth_type=0x8847,actions=push_mpls:0x8847,output:2'
    action: 19_PUSH_MPLS (multiple)          ethernet/mpls/ipv6/tcp-->'eth_type=0x8847,actions=push_mpls:0x8847,output:2'
    action: 19_PUSH_MPLS (multiple)          ethernet/mpls/arp-->'eth_type=0x8847,actions=push_mpls:0x8847,output:2'
    action: 20_POP_MPLS                      ethernet/mpls/ipv4/tcp-->'eth_type=0x8847,actions=pop_mpls:0x0800,output:2'
    action: 20_POP_MPLS                      ethernet/mpls/ipv6/tcp-->'eth_type=0x8847,actions=pop_mpls:0x86dd,output:2'
    action: 20_POP_MPLS                      ethernet/mpls/arp-->'eth_type=0x8847,actions=pop_mpls:0x0806,output:2'
    action: 23_SET_NW_TTL (IPv4)             ethernet/ipv4(ttl=64)/tcp-->'eth_type=0x0800,actions=set_nw_ttl:32,output:2'
    action: 23_SET_NW_TTL (IPv4)             ethernet/vlan/ipv4(ttl=64)/tcp-->'eth_type=0x0800,actions=set_nw_ttl:32,output:2'
    action: 23_SET_NW_TTL (IPv6)             ethernet/ipv6(hop_limit=64)/tcp-->'eth_type=0x86dd,actions=set_nw_ttl:32,output:2'
    action: 23_SET_NW_TTL (IPv6)             ethernet/vlan/ipv6(hop_limit=64)/tcp-->'eth_type=0x86dd,actions=set_nw_ttl:32,output:2'
    action: 24_DEC_NW_TTL (IPv4)             ethernet/ipv4(ttl=64)/tcp-->'eth_type=0x0800,actions=dec_nw_ttl,output:2'
    action: 24_DEC_NW_TTL (IPv4)             ethernet/vlan/ipv4(ttl=64)/tcp-->'eth_type=0x0800,actions=dec_nw_ttl,output:2'
    action: 24_DEC_NW_TTL (IPv6)             ethernet/ipv6(hop_limit=64)/tcp-->'eth_type=0x86dd,actions=dec_nw_ttl,output:2'
    action: 24_DEC_NW_TTL (IPv6)             ethernet/vlan/ipv6(hop_limit=64)/tcp-->'eth_type=0x86dd,actions=dec_nw_ttl,output:2'
    action: 26_PUSH_PBB                      ethernet/ipv4/tcp-->'eth_type=0x0800,actions=push_pbb:0x88e7,output:2'
    action: 26_PUSH_PBB                      ethernet/ipv6/tcp-->'eth_type=0x86dd,actions=push_pbb:0x88e7,output:2'
    action: 26_PUSH_PBB                      ethernet/arp-->'eth_type=0x0806,actions=push_pbb:0x88e7,output:2'
    action: 26_PUSH_PBB (multiple)           ethernet/ipv4/tcp-->'eth_type=0x0800,actions=push_pbb:0x88e7,push_pbb:0x88e7,output:2'
    action: 26_PUSH_PBB (multiple)           ethernet/ipv6/tcp-->'eth_type=0x86dd,actions=push_pbb:0x88e7,push_pbb:0x88e7,output:2'
    action: 26_PUSH_PBB (multiple)           ethernet/arp-->'eth_type=0x0806,actions=push_pbb:0x88e7,push_pbb:0x88e7,output:2'
    action: 27_POP_PBB                       ethernet/itag/ethernet/svlan/vlan/ipv4/tcp-->'eth_type=0x88e7,actions=pop_pbb,output:2'
    action: 27_POP_PBB                       ethernet/itag/ethernet/svlan/vlan/ipv6/tcp-->'eth_type=0x88e7,actions=pop_pbb,output:2'
    action: 27_POP_PBB                       ethernet/itag/ethernet/svlan/vlan/arp-->'eth_type=0x88e7,actions=pop_pbb,output:2'
    action: set_field: 08_IP_DSCP (IPv4)     ethernet/ipv4(tos=32)/tcp-->'ip_dscp=8,actions=set_field:16->ip_dscp,output:2'
    action: set_field: 08_IP_DSCP (IPv4)     ethernet/vlan/ipv4(tos=32)/tcp-->'ip_dscp=8,actions=set_field:16->ip_dscp,output:2'
    action: set_field: 08_IP_DSCP (IPv6)     ethernet/ipv6(traffic_class=32)/tcp-->'ip_dscp=8,actions=set_field:16->ip_dscp,output:2'
    action: set_field: 08_IP_DSCP (IPv6)     ethernet/vlan/ipv6(traffic_class=32)/tcp-->'ip_dscp=8,actions=set_field:16->ip_dscp,output:2'
    action: set_field: 09_IP_ECN (IPv4)      ethernet/ipv4(tos=32)/tcp-->'ip_ecn=0,actions=set_field:1->ip_ecn,output:2'
    action: set_field: 09_IP_ECN (IPv4)      ethernet/vlan/ipv4(tos=32)/tcp-->'ip_ecn=0,actions=set_field:1->ip_ecn,output:2'
    action: set_field: 09_IP_ECN (IPv6)      ethernet/ipv6(traffic_class=32)/tcp-->'ip_ecn=0,actions=set_field:1->ip_ecn,output:2'
    action: set_field: 09_IP_ECN (IPv6)      ethernet/vlan/ipv6(traffic_class=32)/tcp-->'ip_ecn=0,actions=set_field:1->ip_ecn,output:2'
    action: set_field: 10_IP_PROTO (IPv4)    ethernet/ipv4(proto=6)/tcp-->'ip_proto=6,actions=set_field:17->ip_proto,output:2'
    action: set_field: 10_IP_PROTO (IPv4)    ethernet/vlan/ipv4(proto=6)/tcp-->'ip_proto=6,actions=set_field:17->ip_proto,output:2'
    action: set_field: 11_IPV4_SRC           ethernet/ipv4(src='192.168.10.10')/tcp-->'ipv4_src=192.168.10.10,actions=set_field:10.10.10.10->ipv4_src,output:2'
    action: set_field: 11_IPV4_SRC           ethernet/vlan/ipv4(src='192.168.10.10')/tcp-->'ipv4_src=192.168.10.10,actions=set_field:10.10.10.10->ipv4_src,output:2'
    action: set_field: 12_IPV4_DST           ethernet/ipv4(dst='192.168.20.20')/tcp-->'ipv4_dst=192.168.20.20,actions=set_field:10.10.20.20->ipv4_dst,output:2'
    action: set_field: 12_IPV4_DST           ethernet/vlan/ipv4(dst='192.168.20.20')/tcp-->'ipv4_dst=192.168.20.20,actions=set_field:10.10.20.20->ipv4_dst,output:2'
    action: set_field: 16_UDP_DST (IPv4)     ethernet/ipv4/udp(dst_port=2222)-->'udp_dst=2222,actions=set_field:6789->udp_dst,output:2'
    action: set_field: 16_UDP_DST (IPv4)     ethernet/vlan/ipv4/udp(dst_port=2222)-->'udp_dst=2222,actions=set_field:6789->udp_dst,output:2'
    action: set_field: 17_SCTP_SRC (IPv4)    ethernet/ipv4/sctp(src_port=11111)-->'sctp_src=11111,actions=set_field:12345->sctp_src,output:2'
    action: set_field: 17_SCTP_SRC (IPv4)    ethernet/vlan/ipv4/sctp(src_port=11111)-->'sctp_src=11111,actions=set_field:12345->sctp_src,output:2'
    action: set_field: 18_SCTP_DST (IPv4)    ethernet/ipv4/sctp(dst_port=2222)-->'sctp_dst=2222,actions=set_field:6789->sctp_dst,output:2'
    action: set_field: 18_SCTP_DST (IPv4)    ethernet/vlan/ipv4/sctp(dst_port=2222)-->'sctp_dst=2222,actions=set_field:6789->sctp_dst,output:2'
    action: set_field: 19_ICMPV4_TYPE        ethernet/ipv4/icmp(type=8)-->'icmpv4_type=8,actions=set_field:0->icmpv4_type,output:2'
    action: set_field: 19_ICMPV4_TYPE        ethernet/vlan/ipv4/icmp(type=8)-->'icmpv4_type=8,actions=set_field:0->icmpv4_type,output:2'
    action: set_field: 20_ICMPV4_CODE        ethernet/ipv4/icmp(code=0)-->'icmpv4_code=0,actions=set_field:10->icmpv4_code,output:2'
    action: set_field: 20_ICMPV4_CODE        ethernet/vlan/ipv4/icmp(code=0)-->'icmpv4_code=0,actions=set_field:10->icmpv4_code,output:2'
    action: set_field: 26_IPV6_SRC           ethernet/ipv6(src='10::10')/tcp-->'ipv6_src=10::10,actions=set_field:a0::a0->ipv6_src,output:2'
    action: set_field: 26_IPV6_SRC           ethernet/vlan/ipv6(src='10::10')/tcp-->'ipv6_src=10::10,actions=set_field:a0::a0->ipv6_src,output:2'
    action: set_field: 27_IPV6_DST           ethernet/ipv6(dst='20::20')/tcp-->'ipv6_dst=20::20,actions=set_field:b0::b0->ipv6_dst,output:2'
    action: set_field: 27_IPV6_DST           ethernet/vlan/ipv6(dst='20::20')/tcp-->'ipv6_dst=20::20,actions=set_field:b0::b0->ipv6_dst,output:2'
    action: set_field: 28_IPV6_FLABEL        ethernet/ipv6(flow_label=100)/tcp-->'ipv6_flabel=100,actions=set_field:203->ipv6_flabel,output:2'
    action: set_field: 28_IPV6_FLABEL        ethernet/vlan/ipv6(flow_label=100)/tcp-->'ipv6_flabel=100,actions=set_field:203->ipv6_flabel,output:2'
    action: set_field: 34_MPLS_LABEL         ethernet/mpls(label=100)/ipv4/tcp-->'mpls_label=100,actions=set_field:203->mpls_label,output:2'
    action: set_field: 34_MPLS_LABEL         ethernet/mpls(label=100)/ipv6/tcp-->'mpls_label=100,actions=set_field:203->mpls_label,output:2'
    action: set_field: 34_MPLS_LABEL         ethernet/mpls(label=100)/arp-->'mpls_label=100,actions=set_field:203->mpls_label,output:2'
    action: set_field: 35_MPLS_TC            ethernet/mpls(exp=3)/ipv4/tcp-->'mpls_tc=3,actions=set_field:5->mpls_tc,output:2'
    action: set_field: 35_MPLS_TC            ethernet/mpls(exp=3)/ipv6/tcp-->'mpls_tc=3,actions=set_field:5->mpls_tc,output:2'
    action: set_field: 35_MPLS_TC            ethernet/mpls(exp=3)/arp-->'mpls_tc=3,actions=set_field:5->mpls_tc,output:2'
    action: set_field: 36_MPLS_BOS           ethernet/mpls(bsb=1)/ipv4/tcp-->'mpls_bos=1,actions=set_field:0->mpls_bos,output:2'
    action: set_field: 36_MPLS_BOS           ethernet/mpls(bsb=1)/ipv6/tcp-->'mpls_bos=1,actions=set_field:0->mpls_bos,output:2'
    action: set_field: 36_MPLS_BOS           ethernet/mpls(bsb=1)/arp-->'mpls_bos=1,actions=set_field:0->mpls_bos,output:2'
Receiving timeout(117)
    action: 23_SET_NW_TTL (IPv4)             ethernet/mpls/ipv4(ttl=64)/tcp-->'actions=pop_mpls:0x0800,goto_table:1','table_id:1,eth_type=0x0800,actions=set_nw_ttl:32,output:2'
    action: 23_SET_NW_TTL (IPv4)             ethernet/itag/ethernet/ipv4(ttl=64)/tcp-->'actions=pop_pbb,goto_table:1','table_id:1,eth_type=0x0800,actions=set_nw_ttl:32,output:2'
    action: 23_SET_NW_TTL (IPv6)             ethernet/mpls/ipv6(hop_limit=64)/tcp-->'actions=pop_mpls:0x86dd,goto_table:1','table_id:1,eth_type=0x86dd,actions=set_nw_ttl:32,output:2'
    action: 23_SET_NW_TTL (IPv6)             ethernet/itag/ethernet/ipv6(hop_limit=64)/tcp-->'actions=pop_pbb,goto_table:1','table_id:1,eth_type=0x86dd,actions=set_nw_ttl:32,output:2'
    action: 24_DEC_NW_TTL (IPv4)             ethernet/mpls/ipv4(ttl=64)/tcp-->'actions=pop_mpls:0x0800,goto_table:1','table_id:1,eth_type=0x0800,actions=dec_nw_ttl,output:2'
    action: 24_DEC_NW_TTL (IPv4)             ethernet/itag/ethernet/ipv4(ttl=64)/tcp-->'actions=pop_pbb,goto_table:1','table_id:1,eth_type=0x0800,actions=dec_nw_ttl,output:2'
    action: 24_DEC_NW_TTL (IPv6)             ethernet/mpls/ipv6(hop_limit=64)/tcp-->'actions=pop_mpls:0x86dd,goto_table:1','table_id:1,eth_type=0x86dd,actions=dec_nw_ttl,output:2'
    action: 24_DEC_NW_TTL (IPv6)             ethernet/itag/ethernet/ipv6(hop_limit=64)/tcp-->'actions=pop_pbb,goto_table:1','table_id:1,eth_type=0x86dd,actions=dec_nw_ttl,output:2'
    action: set_field: 06_VLAN_VID           ethernet/vlan(vid=100)/ipv4/tcp-->'vlan_vid=100,actions=set_field:203->vlan_vid,output:2'
    action: set_field: 06_VLAN_VID           ethernet/vlan(vid=100)/ipv6/tcp-->'vlan_vid=100,actions=set_field:203->vlan_vid,output:2'
    action: set_field: 06_VLAN_VID           ethernet/vlan(vid=100)/arp-->'vlan_vid=100,actions=set_field:203->vlan_vid,output:2'
    action: set_field: 07_VLAN_PCP           ethernet/vlan(pcp=3)/ipv4/tcp-->'vlan_pcp=3,actions=set_field:5->vlan_pcp,output:2'
    action: set_field: 07_VLAN_PCP           ethernet/vlan(pcp=3)/ipv6/tcp-->'vlan_pcp=3,actions=set_field:5->vlan_pcp,output:2'
    action: set_field: 07_VLAN_PCP           ethernet/vlan(pcp=3)/arp-->'vlan_pcp=3,actions=set_field:5->vlan_pcp,output:2'
    action: set_field: 08_IP_DSCP (IPv4)     ethernet/mpls/ipv4(tos=32)/tcp-->'actions=pop_mpls:0x0800,goto_table:1','table_id:1,ip_dscp=8,actions=set_field:16->ip_dscp,output:2'
    action: set_field: 08_IP_DSCP (IPv4)     ethernet/itag/ethernet/ipv4(tos=32)/tcp-->'actions=pop_pbb,goto_table:1','table_id:1,ip_dscp=8,actions=set_field:16->ip_dscp,output:2'
    action: set_field: 08_IP_DSCP (IPv6)     ethernet/mpls/ipv6(traffic_class=32)/tcp-->'actions=pop_mpls:0x86dd,goto_table:1','table_id:1,ip_dscp=8,actions=set_field:16->ip_dscp,output:2'
    action: set_field: 08_IP_DSCP (IPv6)     ethernet/itag/ethernet/ipv6(traffic_class=32)/tcp-->'actions=pop_pbb,goto_table:1','table_id:1,ip_dscp=8,actions=set_field:16->ip_dscp,output:2'
    action: set_field: 09_IP_ECN (IPv4)      ethernet/mpls/ipv4(tos=32)/tcp-->'actions=pop_mpls:0x0800,goto_table:1','table_id:1,ip_ecn=0,actions=set_field:1->ip_ecn,output:2'
    action: set_field: 09_IP_ECN (IPv4)      ethernet/itag/ethernet/ipv4(tos=32)/tcp-->'actions=pop_pbb,goto_table:1','table_id:1,ip_ecn=0,actions=set_field:1->ip_ecn,output:2'
    action: set_field: 09_IP_ECN (IPv6)      ethernet/mpls/ipv6(traffic_class=32)/tcp-->'actions=pop_mpls:0x86dd,goto_table:1','table_id:1,ip_ecn=0,actions=set_field:1->ip_ecn,output:2'
    action: set_field: 09_IP_ECN (IPv6)      ethernet/itag/ethernet/ipv6(traffic_class=32)/tcp-->'actions=pop_pbb,goto_table:1','table_id:1,ip_ecn=0,actions=set_field:1->ip_ecn,output:2'
    action: set_field: 10_IP_PROTO (IPv4)    ethernet/mpls/ipv4(proto=6)/tcp-->'actions=pop_mpls:0x0800,goto_table:1','table_id:1,ip_proto=6,actions=set_field:17->ip_proto,output:2'
    action: set_field: 10_IP_PROTO (IPv4)    ethernet/itag/ethernet/ipv4(proto=6)/tcp-->'actions=pop_pbb,goto_table:1','table_id:1,ip_proto=6,actions=set_field:17->ip_proto,output:2'
    action: set_field: 10_IP_PROTO (IPv6)    ethernet/ipv6(nxt=6)/tcp-->'ip_proto=6,actions=set_field:17->ip_proto,output:2'
    action: set_field: 10_IP_PROTO (IPv6)    ethernet/vlan/ipv6(nxt=6)/tcp-->'ip_proto=6,actions=set_field:17->ip_proto,output:2'
    action: set_field: 10_IP_PROTO (IPv6)    ethernet/mpls/ipv6(nxt=6)/tcp-->'actions=pop_mpls:0x86dd,goto_table:1','table_id:1,ip_proto=6,actions=set_field:17->ip_proto,output:2'
    action: set_field: 10_IP_PROTO (IPv6)    ethernet/itag/ethernet/ipv6(nxt=6)/tcp-->'actions=pop_pbb,goto_table:1','table_id:1,ip_proto=6,actions=set_field:17->ip_proto,output:2'
    action: set_field: 11_IPV4_SRC           ethernet/mpls/ipv4(src='192.168.10.10')/tcp-->'actions=pop_mpls:0x0800,goto_table:1','table_id:1,ipv4_src=192.168.10.10,actions=set_field:10.10.10.10->ipv4_src,output:2'
    action: set_field: 11_IPV4_SRC           ethernet/itag/ethernet/ipv4(src='192.168.10.10')/tcp-->'actions=pop_pbb,goto_table:1','table_id:1,ipv4_src=192.168.10.10,actions=set_field:10.10.10.10->ipv4_src,output:2'
    action: set_field: 12_IPV4_DST           ethernet/mpls/ipv4(dst='192.168.20.20')/tcp-->'actions=pop_mpls:0x0800,goto_table:1','table_id:1,ipv4_dst=192.168.20.20,actions=set_field:10.10.20.20->ipv4_dst,output:2'
    action: set_field: 12_IPV4_DST           ethernet/itag/ethernet/ipv4(dst='192.168.20.20')/tcp-->'actions=pop_pbb,goto_table:1','table_id:1,ipv4_dst=192.168.20.20,actions=set_field:10.10.20.20->ipv4_dst,output:2'
    action: set_field: 13_TCP_SRC (IPv4)     ethernet/ipv4/tcp(src_port=11111)-->'tcp_src=11111,actions=set_field:12345->tcp_src,output:2'
    action: set_field: 13_TCP_SRC (IPv4)     ethernet/vlan/ipv4/tcp(src_port=11111)-->'tcp_src=11111,actions=set_field:12345->tcp_src,output:2'
    action: set_field: 13_TCP_SRC (IPv4)     ethernet/mpls/ipv4/tcp(src_port=11111)-->'actions=pop_mpls:0x0800,goto_table:1','table_id:1,tcp_src=11111,actions=set_field:12345->tcp_src,output:2'
    action: set_field: 13_TCP_SRC (IPv4)     ethernet/itag/ethernet/ipv4/tcp(src_port=11111)-->'actions=pop_pbb,goto_table:1','table_id:1,tcp_src=11111,actions=set_field:12345->tcp_src,output:2'
    action: set_field: 13_TCP_SRC (IPv6)     ethernet/ipv6/tcp(src_port=11111)-->'tcp_src=11111,actions=set_field:12345->tcp_src,output:2'
    action: set_field: 13_TCP_SRC (IPv6)     ethernet/vlan/ipv6/tcp(src_port=11111)-->'tcp_src=11111,actions=set_field:12345->tcp_src,output:2'
    action: set_field: 13_TCP_SRC (IPv6)     ethernet/mpls/ipv6/tcp(src_port=11111)-->'actions=pop_mpls:0x86dd,goto_table:1','table_id:1,tcp_src=11111,actions=set_field:12345->tcp_src,output:2'
    action: set_field: 13_TCP_SRC (IPv6)     ethernet/itag/ethernet/ipv6/tcp(src_port=11111)-->'actions=pop_pbb,goto_table:1','table_id:1,tcp_src=11111,actions=set_field:12345->tcp_src,output:2'
    action: set_field: 14_TCP_DST (IPv4)     ethernet/ipv4/tcp(dst_port=2222)-->'tcp_dst=2222,actions=set_field:6789->tcp_dst,output:2'
    action: set_field: 14_TCP_DST (IPv4)     ethernet/vlan/ipv4/tcp(dst_port=2222)-->'tcp_dst=2222,actions=set_field:6789->tcp_dst,output:2'
    action: set_field: 14_TCP_DST (IPv4)     ethernet/mpls/ipv4/tcp(dst_port=2222)-->'actions=pop_mpls:0x0800,goto_table:1','table_id:1,tcp_dst=2222,actions=set_field:6789->tcp_dst,output:2'
    action: set_field: 14_TCP_DST (IPv4)     ethernet/itag/ethernet/ipv4/tcp(dst_port=2222)-->'actions=pop_pbb,goto_table:1','table_id:1,tcp_dst=2222,actions=set_field:6789->tcp_dst,output:2'
    action: set_field: 14_TCP_DST (IPv6)     ethernet/ipv6/tcp(dst_port=2222)-->'tcp_dst=2222,actions=set_field:6789->tcp_dst,output:2'
    action: set_field: 14_TCP_DST (IPv6)     ethernet/vlan/ipv6/tcp(dst_port=2222)-->'tcp_dst=2222,actions=set_field:6789->tcp_dst,output:2'
    action: set_field: 14_TCP_DST (IPv6)     ethernet/mpls/ipv6/tcp(dst_port=2222)-->'actions=pop_mpls:0x86dd,goto_table:1','table_id:1,tcp_dst=2222,actions=set_field:6789->tcp_dst,output:2'
    action: set_field: 14_TCP_DST (IPv6)     ethernet/itag/ethernet/ipv6/tcp(dst_port=2222)-->'actions=pop_pbb,goto_table:1','table_id:1,tcp_dst=2222,actions=set_field:6789->tcp_dst,output:2'
    action: set_field: 15_UDP_SRC (IPv4)     ethernet/ipv4/udp(src_port=11111)-->'udp_src=11111,actions=set_field:12345->udp_src,output:2'
    action: set_field: 15_UDP_SRC (IPv4)     ethernet/vlan/ipv4/udp(src_port=11111)-->'udp_src=11111,actions=set_field:12345->udp_src,output:2'
    action: set_field: 15_UDP_SRC (IPv4)     ethernet/mpls/ipv4/udp(src_port=11111)-->'actions=pop_mpls:0x0800,goto_table:1','table_id:1,udp_src=11111,actions=set_field:12345->udp_src,output:2'
    action: set_field: 15_UDP_SRC (IPv4)     ethernet/itag/ethernet/ipv4/udp(src_port=11111)-->'actions=pop_pbb,goto_table:1','table_id:1,udp_src=11111,actions=set_field:12345->udp_src,output:2'
    action: set_field: 15_UDP_SRC (IPv6)     ethernet/ipv6/udp(src_port=11111)-->'udp_src=11111,actions=set_field:12345->udp_src,output:2'
    action: set_field: 15_UDP_SRC (IPv6)     ethernet/vlan/ipv6/udp(src_port=11111)-->'udp_src=11111,actions=set_field:12345->udp_src,output:2'
    action: set_field: 15_UDP_SRC (IPv6)     ethernet/mpls/ipv6/udp(src_port=11111)-->'actions=pop_mpls:0x86dd,goto_table:1','table_id:1,udp_src=11111,actions=set_field:12345->udp_src,output:2'
    action: set_field: 15_UDP_SRC (IPv6)     ethernet/itag/ethernet/ipv6/udp(src_port=11111)-->'actions=pop_pbb,goto_table:1','table_id:1,udp_src=11111,actions=set_field:12345->udp_src,output:2'
    action: set_field: 16_UDP_DST (IPv4)     ethernet/mpls/ipv4/udp(dst_port=2222)-->'actions=pop_mpls:0x0800,goto_table:1','table_id:1,udp_dst=2222,actions=set_field:6789->udp_dst,output:2'
    action: set_field: 16_UDP_DST (IPv4)     ethernet/itag/ethernet/ipv4/udp(dst_port=2222)-->'actions=pop_pbb,goto_table:1','table_id:1,udp_dst=2222,actions=set_field:6789->udp_dst,output:2'
    action: set_field: 16_UDP_DST (IPv6)     ethernet/ipv6/udp(dst_port=2222)-->'udp_dst=2222,actions=set_field:6789->udp_dst,output:2'
    action: set_field: 16_UDP_DST (IPv6)     ethernet/vlan/ipv6/udp(dst_port=2222)-->'udp_dst=2222,actions=set_field:6789->udp_dst,output:2'
    action: set_field: 16_UDP_DST (IPv6)     ethernet/mpls/ipv6/udp(dst_port=2222)-->'actions=pop_mpls:0x86dd,goto_table:1','table_id:1,udp_dst=2222,actions=set_field:6789->udp_dst,output:2'
    action: set_field: 16_UDP_DST (IPv6)     ethernet/itag/ethernet/ipv6/udp(dst_port=2222)-->'actions=pop_pbb,goto_table:1','table_id:1,udp_dst=2222,actions=set_field:6789->udp_dst,output:2'
    action: set_field: 17_SCTP_SRC (IPv4)    ethernet/mpls/ipv4/sctp(src_port=11111)-->'actions=pop_mpls:0x0800,goto_table:1','table_id:1,sctp_src=11111,actions=set_field:12345->sctp_src,output:2'
    action: set_field: 17_SCTP_SRC (IPv4)    ethernet/itag/ethernet/ipv4/sctp(src_port=11111)-->'actions=pop_pbb,goto_table:1','table_id:1,sctp_src=11111,actions=set_field:12345->sctp_src,output:2'
    action: set_field: 17_SCTP_SRC (IPv6)    ethernet/ipv6/udp(sctp_port=11111)-->'sctp_src=11111,actions=set_field:12345->sctp_src,output:2'
    action: set_field: 17_SCTP_SRC (IPv6)    ethernet/vlan/ipv6/sctp(src_port=11111)-->'sctp_src=11111,actions=set_field:12345->sctp_src,output:2'
    action: set_field: 17_SCTP_SRC (IPv6)    ethernet/mpls/ipv6/sctp(src_port=11111)-->'actions=pop_mpls:0x86dd,goto_table:1','table_id:1,sctp_src=11111,actions=set_field:12345->sctp_src,output:2'
    action: set_field: 17_SCTP_SRC (IPv6)    ethernet/itag/ethernet/ipv6/sctp(src_port=11111)-->'actions=pop_pbb,goto_table:1','table_id:1,sctp_src=11111,actions=set_field:12345->sctp_src,output:2'
    action: set_field: 18_SCTP_DST (IPv4)    ethernet/mpls/ipv4/sctp(dst_port=2222)-->'actions=pop_mpls:0x0800,goto_table:1','table_id:1,sctp_dst=2222,actions=set_field:6789->sctp_dst,output:2'
    action: set_field: 18_SCTP_DST (IPv4)    ethernet/itag/ethernet/ipv4/sctp(dst_port=2222)-->'actions=pop_pbb,goto_table:1','table_id:1,sctp_dst=2222,actions=set_field:6789->sctp_dst,output:2'
    action: set_field: 18_SCTP_DST (IPv6)    ethernet/ipv6/sctp(dst_port=2222)-->'sctp_dst=2222,actions=set_field:6789->sctp_dst,output:2'
    action: set_field: 18_SCTP_DST (IPv6)    ethernet/vlan/ipv6/sctp(dst_port=2222)-->'sctp_dst=2222,actions=set_field:6789->sctp_dst,output:2'
    action: set_field: 18_SCTP_DST (IPv6)    ethernet/mpls/ipv6/sctp(dst_port=2222)-->'actions=pop_mpls:0x86dd,goto_table:1','table_id:1,sctp_dst=2222,actions=set_field:6789->sctp_dst,output:2'
    action: set_field: 18_SCTP_DST (IPv6)    ethernet/itag/ethernet/ipv6/sctp(dst_port=2222)-->'actions=pop_pbb,goto_table:1','table_id:1,sctp_dst=2222,actions=set_field:6789->sctp_dst,output:2'
    action: set_field: 19_ICMPV4_TYPE        ethernet/mpls/ipv4/icmp(type=8)-->'actions=pop_mpls:0x0800,goto_table:1','table_id:1,icmpv4_type=8,actions=set_field:0->icmpv4_type,output:2'
    action: set_field: 19_ICMPV4_TYPE        ethernet/itag/ethernet/ipv4/icmp(type=8)-->'actions=pop_pbb,goto_table:1','table_id:1,icmpv4_type=8,actions=set_field:0->icmpv4_type,output:2'
    action: set_field: 20_ICMPV4_CODE        ethernet/mpls/ipv4/icmp(code=0)-->'actions=pop_mpls:0x0800,goto_table:1','table_id:1,icmpv4_code=0,actions=set_field:10->icmpv4_code,output:2'
    action: set_field: 20_ICMPV4_CODE        ethernet/itag/ethernet/ipv4/icmp(code=0)-->'actions=pop_pbb,goto_table:1','table_id:1,icmpv4_code=0,actions=set_field:10->icmpv4_code,output:2'
    action: set_field: 21_ARP_OP             ethernet/mpls/arp(opcode=1)-->'actions=pop_mpls:0x0800,goto_table:1','table_id:1,arp_op=1,actions=set_field:2->arp_op,output:2'
    action: set_field: 21_ARP_OP             ethernet/itag/ethernet/arp(opcode=1)-->'actions=pop_pbb,goto_table:1','table_id:1,arp_op=1,actions=set_field:2->arp_op,output:2'
    action: set_field: 22_ARP_SPA            ethernet/mpls/arp(src_ip='192.168.10.10')-->'actions=pop_mpls:0x0800,goto_table:1','table_id:1,arp_spa=192.168.10.10,actions=set_field:10.10.10.10->arp_spa,output:2'
    action: set_field: 22_ARP_SPA            ethernet/itag/ethernet/arp(src_ip='192.168.10.10')-->'actions=pop_pbb,goto_table:1','table_id:1,arp_spa=192.168.10.10,actions=set_field:10.10.10.10->arp_spa,output:2'
    action: set_field: 23_ARP_TPA            ethernet/mpls/arp(dst_ip='192.168.20.20')-->'actions=pop_mpls:0x0800,goto_table:1','table_id:1,arp_tpa=192.168.20.20,actions=set_field:10.10.20.20->arp_tpa,output:2'
    action: set_field: 23_ARP_TPA            ethernet/itag/ethernet/arp(dst_ip='192.168.20.20')-->'actions=pop_pbb,goto_table:1','table_id:1,arp_tpa=192.168.20.20,actions=set_field:10.10.20.20->arp_tpa,output:2'
    action: set_field: 24_ARP_SHA            ethernet/mpls/arp(src_mac='12:11:11:11:11:11')-->'actions=pop_mpls:0x0800,goto_table:1','table_id:1,arp_sha=12:11:11:11:11:11,actions=set_field:aa:aa:aa:aa:aa:aa->arp_sha,output:2'
    action: set_field: 24_ARP_SHA            ethernet/itag/ethernet/arp(src_mac='12:11:11:11:11:11')-->'actions=pop_pbb,goto_table:1','table_id:1,arp_sha=12:11:11:11:11:11,actions=set_field:aa:aa:aa:aa:aa:aa->arp_sha,output:2'
    action: set_field: 25_ARP_THA            ethernet/mpls/arp(dst_mac='22:22:22:22:22:22')-->'actions=pop_mpls:0x0800,goto_table:1','table_id:1,arp_tha=22:22:22:22:22:22,actions=set_field:ba:bb:bb:bb:bb:bb->arp_tha,output:2'
    action: set_field: 25_ARP_THA            ethernet/itag/ethernet/arp(dst_mac='22:22:22:22:22:22')-->'actions=pop_pbb,goto_table:1','table_id:1,arp_tha=22:22:22:22:22:22,actions=set_field:ba:bb:bb:bb:bb:bb->arp_tha,output:2'
    action: set_field: 26_IPV6_SRC           ethernet/mpls/ipv6(src='10::10')/tcp-->'actions=pop_mpls:0x86dd,goto_table:1','table_id:1,ipv6_src=10::10,actions=set_field:a0::a0->ipv6_src,output:2'
    action: set_field: 26_IPV6_SRC           ethernet/itag/ethernet/ipv6(src='10::10')/tcp-->'actions=pop_pbb,goto_table:1','table_id:1,ipv6_src=10::10,actions=set_field:a0::a0->ipv6_src,output:2'
    action: set_field: 27_IPV6_DST           ethernet/mpls/ipv6(dst='20::20')/tcp-->'actions=pop_mpls:0x86dd,goto_table:1','table_id:1,ipv6_dst=20::20,actions=set_field:b0::b0->ipv6_dst,output:2'
    action: set_field: 27_IPV6_DST           ethernet/itag/ethernet/ipv6(dst='20::20')/tcp--->'actions=pop_pbb,goto_table:1','table_id:1,ipv6_dst=20::20,actions=set_field:b0::b0->ipv6_dst,output:2'
    action: set_field: 28_IPV6_FLABEL        ethernet/mpls/ipv6(flow_label=100)/tcp-->'actions=pop_mpls:0x86dd,goto_table:1','table_id:1,ipv6_flabel=100,actions=set_field:203->ipv6_flabel,output:2'
    action: set_field: 28_IPV6_FLABEL        ethernet/itag/ethernet/ipv6(flow_label=100)/tcp-->'actions=pop_pbb,goto_table:1','table_id:1,ipv6_flabel=100,actions=set_field:203->ipv6_flabel,output:2'
    action: set_field: 29_ICMPV6_TYPE        ethernet/ipv6/icmpv6(type=128)-->'icmpv6_type=128,actions=set_field:135->icmpv6_type,output:2'
    action: set_field: 29_ICMPV6_TYPE        ethernet/vlan/ipv6/icmpv6(type=128)-->'icmpv6_type=128,actions=set_field:135->icmpv6_type,output:2'
    action: set_field: 29_ICMPV6_TYPE        ethernet/mpls/ipv6/icmpv6(type=128)-->'actions=pop_mpls:0x86dd,goto_table:1','table_id:1,icmpv6_type=128,actions=set_field:135->icmpv6_type,output:2'
    action: set_field: 29_ICMPV6_TYPE        ethernet/itag/ethernet/ipv6/icmpv6(type=128)-->'actions=pop_pbb,goto_table:1','table_id:1,icmpv6_type=128,actions=set_field:135->icmpv6_type,output:2'
    action: set_field: 30_ICMPV6_CODE        ethernet/ipv6/icmpv6(code=0)-->'icmpv6_code=0,actions=set_field:1->icmpv6_code,output:2'
    action: set_field: 30_ICMPV6_CODE        ethernet/vlan/ipv6/icmpv6(code=0)-->'icmpv6_code=0,actions=set_field:1->icmpv6_code,output:2'
    action: set_field: 30_ICMPV6_CODE        ethernet/mpls/ipv6/icmpv6(code=0)-->'actions=pop_mpls:0x86dd,goto_table:1','table_id:1,icmpv6_code=0,actions=set_field:1->icmpv6_code,output:2'
    action: set_field: 30_ICMPV6_CODE        ethernet/itag/ethernet/ipv6/icmpv6(code=0)-->'actions=pop_pbb,goto_table:1','table_id:1,icmpv6_code=0,actions=set_field:1->icmpv6_code,output:2'
    action: set_field: 31_IPV6_ND_TARGET     ethernet/ipv6/icmpv6(data=nd_neighbor(dst='20::20'))-->'ipv6_nd_target=20::20,actions=set_field:a0::a0->ipv6_nd_target,output:2'
    action: set_field: 31_IPV6_ND_TARGET     ethernet/vlan/ipv6/icmpv6(data=nd_neighbor(dst='20::20'))-->'ipv6_nd_target=20::20,actions=set_field:a0::a0->ipv6_nd_target,output:2'
    action: set_field: 31_IPV6_ND_TARGET     ethernet/mpls/ipv6/icmpv6(data=nd_neighbor(dst='20::20'))-->'actions=pop_mpls:0x86dd,goto_table:1','table_id:1,ipv6_nd_target=20::20,actions=set_field:a0::a0->ipv6_nd_target,output:2'
    action: set_field: 31_IPV6_ND_TARGET     ethernet/itag/ethernet/ipv6/icmpv6(data=nd_neighbor(dst='20::20'))-->'actions=pop_pbb,goto_table:1','table_id:1,ipv6_nd_target=20::20,actions=set_field:a0::a0->ipv6_nd_target,output:2'
    action: set_field: 32_IPV6_ND_SLL        ethernet/ipv6/icmpv6(data=nd_neighbor(option=nd_option_sla(hw_src='22:22:22:22:22:22')))-->'ipv6_nd_sll=22:22:22:22:22:22,actions=set_field:aa:aa:aa:aa:aa:aa->ipv6_nd_sll,output:2'
    action: set_field: 32_IPV6_ND_SLL        ethernet/vlan/ipv6/icmpv6(data=nd_neighbor(option=nd_option_sla(hw_src='22:22:22:22:22:22')))-->'ipv6_nd_sll=12:11:11:11:11,actions=set_field:aa:aa:aa:aa:aa:aa->ipv6_nd_sll,output:2'
    action: set_field: 32_IPV6_ND_SLL        ethernet/mpls/ipv6/icmpv6(data=nd_neighbor(option=nd_option_sla(hw_src='22:22:22:22:22:22')))-->'actions=pop_mpls:0x86dd,goto_table:1','table_id:1,ipv6_nd_sll=22:22:22:22:22:22,actions=set_field:aa:aa:aa:aa:aa:aa->ipv6_nd_sll,output:2'
    action: set_field: 32_IPV6_ND_SLL        ethernet/itag/ethernet/ipv6/icmpv6(data=nd_neighbor(option=nd_option_sla(hw_src='22:22:22:22:22:22')))-->'actions=pop_pbb,goto_table:1','table_id:1,ipv6_nd_sll=22:22:22:22:22:22,actions=set_field:aa:aa:aa:aa:aa:aa->ipv6_nd_sll,output:2'
    action: set_field: 33_IPV6_ND_TLL        ethernet/ipv6/icmpv6(data=nd_neighbor(option=nd_option_tla(hw_src='22:22:22:22:22:22')))-->'ipv6_nd_tll=22:22:22:22:22:22,actions=set_field:aa:aa:aa:aa:aa:aa->ipv6_nd_tll,output:2'
    action: set_field: 33_IPV6_ND_TLL        ethernet/vlan/ipv6/icmpv6(data=nd_neighbor(option=nd_option_tla(hw_src='22:22:22:22:22:22')))-->'ipv6_nd_tll=22:22:22:22:22:22,actions=set_field:aa:aa:aa:aa:aa:aa->ipv6_nd_tll,output:2'
    action: set_field: 33_IPV6_ND_TLL        ethernet/mpls/ipv6/icmpv6(data=nd_neighbor(option=nd_option_tla(hw_src='22:22:22:22:22:22')))-->'actions=pop_mpls:0x86dd,goto_table:1','table_id:1,ipv6_nd_tll=22:22:22:22:22:22,actions=set_field:aa:aa:aa:aa:aa:aa->ipv6_nd_tll,output:2'
    action: set_field: 33_IPV6_ND_TLL        ethernet/itag/ethernet/ipv6/icmpv6(data=nd_neighbor(option=nd_option_tla(hw_src='22:22:22:22:22:22')))-->'actions=pop_pbb,goto_table:1','table_id:1,ipv6_nd_tll=22:22:22:22:22:22,actions=set_field:aa:aa:aa:aa:aa:aa->ipv6_nd_tll,output:2'
    action: set_field: 37_PBB_ISID           ethernet/svlan/itag(sid=100)/ethernet/svlan/vlan/ipv4/tcp-->'pbb_itag=100,actions=set_field:203->pbb_itag,output:2'
    action: set_field: 37_PBB_ISID           ethernet/svlan/itag(sid=100)/ethernet/svlan/vlan/ipv6/tcp-->'pbb_itag=100,actions=set_field:203->pbb_itag,output:2'
    action: set_field: 37_PBB_ISID           ethernet/svlan/itag(sid=100)/ethernet/svlan/vlan/arp-->'pbb_itag=100,actions=set_field:203->pbb_itag,output:2'

OK(31) / ERROR(195)
