loading app ryu/tests/switch/tester.py
loading app ryu.controller.ofp_handler
instantiating app ryu.controller.ofp_handler of OFPHandler
instantiating app ryu/tests/switch/tester.py of OfTester
target_dpid=000070b3d56cd016
tester_dpid=0000000000000001
target ofp version=openflow13
tester ofp version=openflow13
Test files directory = ryu/tests/switch/of13/group
--- Test start ---
waiting for switches connection...
dpid=0000000000000001 : Join tester SW.
dpid=000070b3d56cd016 : Join target SW.
group: 00_ALL
    2Mbps(ethernet/ipv4/tcp)-->'in_port=1,actions=group:all(actions=output:2/actions=output:3)'          ERROR
        Failed to add groups: group desc stats request timeout.
    2Mbps(ethernet/ipv6/tcp)-->'in_port=1,actions=group:all(actions=output:2/actions=output:3)'          ERROR
        Failed to add groups: group desc stats request timeout.
    2Mbps(ethernet/arp)-->'in_port=1,actions=group:all(actions=output:2/actions=output:3)'               ERROR
        Failed to add groups: group desc stats request timeout.
group: 01_SELECT_Ether
    2Mbps(ethernet(dst=random,src=random)/ipv4/tcp)-->'in_port=1,actions=group:select(actions=output:2/actions=output:3)' ERROR
        Failed to add groups: group desc stats request timeout.
    2Mbps(ethernet(dst=random,src=random)/ipv6/tcp)-->'in_port=1,actions=group:select(actions=output:2/actions=output:3)' ERROR
        Failed to add groups: group desc stats request timeout.
    2Mbps(ethernet(dst=random,src=random)/arp)-->'in_port=1,actions=group:select(actions=output:2/actions=output:3)' ERROR
        Failed to add groups: group desc stats request timeout.
group: 01_SELECT_IP
    2Mbps(ethernet/ipv4(src=random,dst=random)/tcp(src_port=random,dst_port=random))-->'in_port=1,actions=group:select(actions=output:2/actions=output:3)' ERROR
        Failed to add groups: group desc stats request timeout.
    2Mbps(ethernet/ipv6(src=random,dst=random)/tcp(src_port=random,dst_port=random))-->'in_port=1,actions=group:select(actions=output:2/actions=output:3)' ERROR
        Failed to add groups: group desc stats request timeout.
    2Mbps(ethernet/arp(src_ip=random,dst_ip=random)-->'in_port=1,actions=group:select(actions=output:2/actions=output:3)' ERROR
        Failed to add groups: group desc stats request timeout.
group: 01_SELECT_Weight_Ether
    2Mbps(ethernet(dst=random,src=random)/ipv4/tcp)-->'in_port=1,actions=group:select(weight=1,actions=output:2/weight=2,actions=output:3)' ERROR
        Failed to add groups: group desc stats request timeout.
    2Mbps(ethernet(dst=random,src=random)/ipv6/tcp)-->'in_port=1,actions=group:select(weight=1,actions=output:2/weight=2,actions=output:3)' ERROR
        Failed to add groups: group desc stats request timeout.
    2Mbps(ethernet(dst=random,src=random)/arp)-->'in_port=1,actions=group:select(weight=1,actions=output:2/weight=2,actions=output:3)' ERROR
        Failed to add groups: group desc stats request timeout.
group: 01_SELECT_Weight_IP
    2Mbps(ethernet/ipv4(src=random,dst=random)/tcp(src_port=random,dst_port=random))-->'in_port=1,actions=group:select(weight=1,actions=output:2/weight=2,actions=output:3)' ERROR
        Failed to add groups: group desc stats request timeout.
    2Mbps(ethernet/ipv6(src=random,dst=random)/tcp(src_port=random,dst_port=random))-->'in_port=1,actions=group:select(weight=1,actions=output:2/weight=2,actions=output:3)' ERROR
        Failed to add groups: group desc stats request timeout.
    2Mbps(ethernet/arp(src_ip=random,dst_ip=random)-->'in_port=1,actions=group:select(weight=1,actions=output:2/weight=2,actions=output:3)' ERROR
        Failed to add groups: group desc stats request timeout.
---  Test end  ---

--- Test report ---
Failed to add groups(15)
    group: 00_ALL                            2Mbps(ethernet/ipv4/tcp)-->'in_port=1,actions=group:all(actions=output:2/actions=output:3)'
    group: 00_ALL                            2Mbps(ethernet/ipv6/tcp)-->'in_port=1,actions=group:all(actions=output:2/actions=output:3)'
    group: 00_ALL                            2Mbps(ethernet/arp)-->'in_port=1,actions=group:all(actions=output:2/actions=output:3)'
    group: 01_SELECT_Ether                   2Mbps(ethernet(dst=random,src=random)/ipv4/tcp)-->'in_port=1,actions=group:select(actions=output:2/actions=output:3)'
    group: 01_SELECT_Ether                   2Mbps(ethernet(dst=random,src=random)/ipv6/tcp)-->'in_port=1,actions=group:select(actions=output:2/actions=output:3)'
    group: 01_SELECT_Ether                   2Mbps(ethernet(dst=random,src=random)/arp)-->'in_port=1,actions=group:select(actions=output:2/actions=output:3)'
    group: 01_SELECT_IP                      2Mbps(ethernet/ipv4(src=random,dst=random)/tcp(src_port=random,dst_port=random))-->'in_port=1,actions=group:select(actions=output:2/actions=output:3)'
    group: 01_SELECT_IP                      2Mbps(ethernet/ipv6(src=random,dst=random)/tcp(src_port=random,dst_port=random))-->'in_port=1,actions=group:select(actions=output:2/actions=output:3)'
    group: 01_SELECT_IP                      2Mbps(ethernet/arp(src_ip=random,dst_ip=random)-->'in_port=1,actions=group:select(actions=output:2/actions=output:3)'
    group: 01_SELECT_Weight_Ether            2Mbps(ethernet(dst=random,src=random)/ipv4/tcp)-->'in_port=1,actions=group:select(weight=1,actions=output:2/weight=2,actions=output:3)'
    group: 01_SELECT_Weight_Ether            2Mbps(ethernet(dst=random,src=random)/ipv6/tcp)-->'in_port=1,actions=group:select(weight=1,actions=output:2/weight=2,actions=output:3)'
    group: 01_SELECT_Weight_Ether            2Mbps(ethernet(dst=random,src=random)/arp)-->'in_port=1,actions=group:select(weight=1,actions=output:2/weight=2,actions=output:3)'
    group: 01_SELECT_Weight_IP               2Mbps(ethernet/ipv4(src=random,dst=random)/tcp(src_port=random,dst_port=random))-->'in_port=1,actions=group:select(weight=1,actions=output:2/weight=2,actions=output:3)'
    group: 01_SELECT_Weight_IP               2Mbps(ethernet/ipv6(src=random,dst=random)/tcp(src_port=random,dst_port=random))-->'in_port=1,actions=group:select(weight=1,actions=output:2/weight=2,actions=output:3)'
    group: 01_SELECT_Weight_IP               2Mbps(ethernet/arp(src_ip=random,dst_ip=random)-->'in_port=1,actions=group:select(weight=1,actions=output:2/weight=2,actions=output:3)'

OK(0) / ERROR(15)
