loading app ryu/tests/switch/tester.py
loading app ryu.controller.ofp_handler
instantiating app ryu.controller.ofp_handler of OFPHandler
instantiating app ryu/tests/switch/tester.py of OfTester
target_dpid=000070b3d56cd016
tester_dpid=0000000000000001
target ofp version=openflow13
tester ofp version=openflow13
Test files directory = ryu/tests/switch/of13/match
--- Test start ---
waiting for switches connection...
dpid=000070b3d56cd016 : Join target SW.
dpid=0000000000000001 : Join tester SW.
match: 00_IN_PORT
    ethernet/ipv4/tcp-->'in_port=1,actions=output:2'                                                     OK
    ethernet/ipv4/tcp-->'in_port=1,actions=output:CONTROLLER'                                            OK
    ethernet/ipv4/tcp-->'in_port=2,actions=output:2'                                                     OK
    ethernet/ipv6/tcp-->'in_port=1,actions=output:2'                                                     OK
    ethernet/ipv6/tcp-->'in_port=1,actions=output:CONTROLLER'                                            OK
    ethernet/ipv6/tcp-->'in_port=2,actions=output:2'                                                     OK
    ethernet/arp-->'in_port=1,actions=output:2'                                                          OK
    ethernet/arp-->'in_port=1,actions=output:CONTROLLER'                                                 OK
    ethernet/arp-->'in_port=2,actions=output:2'                                                          OK
match: 02_METADATA
    ethernet/ipv4/tcp-->'actions=write_metadata:255/0xffffffff,goto_table:1','table_id:1,metadata=255,actions=output:2' ERROR
        Failed to request port stats from target: request timeout.
    ethernet/ipv4/tcp-->'actions=write_metadata:255/0xffffffff,goto_table:1','table_id:1,metadata=255,actions=output:CONTROLLER' ERROR
        Failed to initialize flow tables: barrier request timeout.
    ethernet/ipv4/tcp-->'actions=write_metadata:155/0xffffffff,goto_table:1','table_id:1,metadata=255,actions=output:2' ERROR
        Failed to initialize flow tables: barrier request timeout.
    ethernet/ipv6/tcp-->'actions=write_metadata:255/0xffffffff,goto_table:1','table_id:1,metadata=255,actions=output:2' ERROR
        Failed to initialize flow tables: barrier request timeout.
    ethernet/ipv6/tcp-->'actions=write_metadata:255/0xffffffff,goto_table:1','table_id=1,metadata=255,actions=output:CONTROLLER' ERROR
        Failed to initialize flow tables: barrier request timeout.
    ethernet/ipv6/tcp-->'actions=write_metadata:155/0xffffffff,goto_table:1','table_id:1,metadata=255,actions=output:2' ERROR
        Failed to initialize flow tables: barrier request timeout.
    ethernet/arp-->'actions=write_metadata:255/0xffffffff,goto_table:1','table_id:1,metadata=255,actions=output:2' ERROR
        Failed to initialize flow tables: barrier request timeout.
    ethernet/arp-->'actions=write_metadata:255/0xffffffff,goto_table:1','table_id:1,metadata=255,actions=output:CONTROLLER' ERROR
        Failed to initialize flow tables: barrier request timeout.
    ethernet/arp-->'actions=write_metadata:155/0xffffffff,goto_table:1','table_id:1,metadata=255,actions=output:2' ERROR
        Failed to initialize flow tables: barrier request timeout.
match: 02_METADATA (Mask)
    ethernet/ipv4/tcp-->'actions=write_metadata:255/0xffffffff,goto_table:1','table_id:1,metadata=240(mask=0xfffffff0),actions=output:2' ERROR
        Failed to initialize flow tables: barrier request timeout.
    ethernet/ipv4/tcp-->'actions=write_metadata:255/0xffffffff,goto_table:1','table_id:1,metadata=240(mask=0xfffffff0),actions=output:CONTROLLER' ERROR
        Failed to initialize flow tables: barrier request timeout.
    ethernet/ipv4/tcp-->'actions=write_metadata:155/0xffffffff,goto_table:1','table_id:1,metadata=240(mask=0xfffffff0),actions=output:2' ERROR
        Failed to initialize flow tables: barrier request timeout.
    ethernet/ipv6/tcp-->'actions=write_metadata:255/0xffffffff,goto_table:1','table_id:1,metadata=240(mask=0xfffffff0),actions=output:2' ERROR
        Failed to initialize flow tables: barrier request timeout.
    ethernet/ipv6/tcp-->'actions=write_metadata:255/0xffffffff,goto_table:1','table_id:1,metadata=240(mask=0xfffffff0),actions=output:CONTROLLER' ERROR
        Failed to initialize flow tables: barrier request timeout.
    ethernet/ipv6/tcp-->'actions=write_metadata:155/0xffffffff,goto_table:1','table_id:1,metadata=240(mask=0xfffffff0),actions=output:2' ERROR
        Failed to initialize flow tables: barrier request timeout.
    ethernet/arp-->'actions=write_metadata:255/0xffffffff,goto_table:1','table_id:1,metadata=240(mask=0xfffffff0),actions=output:2' ERROR
        Failed to initialize flow tables: barrier request timeout.
    ethernet/arp-->'actions=write_metadata:255/0xffffffff,goto_table:1','table_id:1,metadata=240(mask=0xfffffff0),actions=output:CONTROLLER' ERROR
        Failed to initialize flow tables: barrier request timeout.
    ethernet/arp-->'actions=write_metadata:155/0xffffffff,goto_table:1','table_id:1,metadata=240(mask=0xfffffff0),actions=output:2' ERROR
        Failed to initialize flow tables: barrier request timeout.
match: 03_ETH_DST
    ethernet(dst='22:22:22:22:22:22')/ipv4/tcp-->'eth_dst=22:22:22:22:22:22,actions=output:2'            ERROR
        Failed to initialize flow tables: barrier request timeout.
    ethernet(dst='22:22:22:22:22:22')/ipv4/tcp-->'eth_dst=22:22:22:22:22:22,actions=output:CONTROLLER'   ERROR
        Failed to initialize flow tables: barrier request timeout.
    ethernet(dst='ba:bb:bb:bb:bb:bb')/ipv4/tcp-->'eth_dst=22:22:22:22:22:22,actions=output:2'            ERROR
        Failed to initialize flow tables: barrier request timeout.
    ethernet(dst='22:22:22:22:22:22')/ipv6/tcp-->'eth_dst=22:22:22:22:22:22,actions=output:2'            ERROR
        Failed to initialize flow tables: barrier request timeout.
    ethernet(dst='22:22:22:22:22:22')/ipv6/tcp-->'eth_dst=22:22:22:22:22:22,actions=output:CONTROLLER'   ERROR
        Failed to initialize flow tables: barrier request timeout.
    ethernet(dst='ba:bb:bb:bb:bb:bb')/ipv6/tcp-->'eth_dst=22:22:22:22:22:22,actions=output:2'            ERROR
        Failed to initialize flow tables: barrier request timeout.
    ethernet(dst='22:22:22:22:22:22')/arp-->'eth_dst=22:22:22:22:22:22,actions=output:2'                 ERROR
        Failed to initialize flow tables: barrier request timeout.
    ethernet(dst='22:22:22:22:22:22')/arp-->'eth_dst=22:22:22:22:22:22,actions=output:CONTROLLER'        ERROR
        Failed to initialize flow tables: barrier request timeout.
    ethernet(dst='ba:bb:bb:bb:bb:bb')/arp-->'eth_dst=22:22:22:22:22:22,actions=output:2'                 ERROR
        Failed to initialize flow tables: barrier request timeout.
match: 03_ETH_DST (Mask)
    ethernet(dst='22:22:22:22:22:22')/ipv4/tcp-->'eth_dst=22:22:22:22:22:00(mask=ff:ff:ff:ff:ff:00),actions=output:2' ERROR
        Failed to initialize flow tables: barrier request timeout.
    ethernet(dst='22:22:22:22:22:22')/ipv4/tcp-->'eth_dst=22:22:22:22:22:00(mask=ff:ff:ff:ff:ff:00),actions=output:CONTROLLER' ERROR
        Failed to initialize flow tables: barrier request timeout.
    ethernet(dst='ba:bb:bb:bb:bb:bb')/ipv4/tcp-->'eth_dst=22:22:22:22:22:00(mask=ff:ff:ff:ff:ff:00),actions=output:2' ERROR
        Failed to initialize flow tables: barrier request timeout.
    ethernet(dst='22:22:22:22:22:22')/ipv6/tcp-->'eth_dst=22:22:22:22:22:00(mask=ff:ff:ff:ff:ff:00),actions=output:2' ERROR
        Failed to initialize flow tables: barrier request timeout.
    ethernet(dst='22:22:22:22:22:22')/ipv6/tcp-->'eth_dst=22:22:22:22:22:00(mask=ff:ff:ff:ff:ff:00),actions=output:CONTROLLER' ERROR
        Failed to initialize flow tables: barrier request timeout.
    ethernet(dst='ba:bb:bb:bb:bb:bb')/ipv6/tcp-->'eth_dst=22:22:22:22:22:00(mask=ff:ff:ff:ff:ff:00),actions=output:2' ERROR
        Failed to initialize flow tables: barrier request timeout.
    ethernet(dst='22:22:22:22:22:22')/arp-->'eth_dst=22:22:22:22:22:00(mask=ff:ff:ff:ff:ff:00),actions=output:2' ERROR
        Failed to initialize flow tables: barrier request timeout.
    ethernet(dst='22:22:22:22:22:22')/arp-->'eth_dst=22:22:22:22:22:00(mask=ff:ff:ff:ff:ff:00),actions=output:CONTROLLER' ERROR
        Failed to initialize flow tables: barrier request timeout.
    ethernet(dst='ba:bb:bb:bb:bb:bb')/arp-->'eth_dst=22:22:22:22:22:00(mask=ff:ff:ff:ff:ff:00),actions=output:2' ERROR
        Failed to initialize flow tables: barrier request timeout.
match: 04_ETH_SRC
    ethernet(src='12:11:11:11:11:11')/ipv4/tcp-->'eth_src=12:11:11:11:11:11,actions=output:2'            ERROR
        Failed to initialize flow tables: barrier request timeout.
    ethernet(src='12:11:11:11:11:11')/ipv4/tcp-->'eth_src=12:11:11:11:11:11,actions=output:CONTROLLER'   ERROR
        Failed to initialize flow tables: barrier request timeout.
    ethernet(src='aa:aa:aa:aa:aa:aa')/ipv4/tcp-->'eth_src=12:11:11:11:11:11,actions=output:2'            ERROR
        Failed to initialize flow tables: barrier request timeout.
    ethernet(src='12:11:11:11:11:11')/ipv6/tcp-->'eth_src=12:11:11:11:11:11,actions=output:2'            ERROR
        Failed to initialize flow tables: barrier request timeout.
    ethernet(src='12:11:11:11:11:11')/ipv6/tcp-->'eth_src=12:11:11:11:11:11,actions=output:CONTROLLER'   ERROR
        Failed to initialize flow tables: barrier request timeout.
    ethernet(src='aa:aa:aa:aa:aa:aa')/ipv6/tcp-->'eth_src=12:11:11:11:11:11,actions=output:2'            ERROR
        Failed to initialize flow tables: barrier request timeout.
    ethernet(src='12:11:11:11:11:11')/arp-->'eth_src=12:11:11:11:11:11,actions=output:2'                 ERROR
        Failed to initialize flow tables: barrier request timeout.
    ethernet(src='12:11:11:11:11:11')/arp-->'eth_src=12:11:11:11:11:11,actions=output:CONTROLLER'        ERROR
        Failed to initialize flow tables: barrier request timeout.
    ethernet(src='aa:aa:aa:aa:aa:aa')/arp-->'eth_src=12:11:11:11:11:11,actions=output:2'                 ERROR
        Failed to initialize flow tables: barrier request timeout.
match: 04_ETH_SRC (Mask)
    ethernet(src='12:11:11:11:11:11')/ipv4/tcp-->'eth_src=00:11:11:11:11:11(mask=00:ff:ff:ff:ff:ff),actions=output:2' ERROR
        Failed to initialize flow tables: barrier request timeout.
    ethernet(src='12:11:11:11:11:11')/ipv4/tcp-->'eth_src=00:11:11:11:11:11(mask=00:ff:ff:ff:ff:ff),actions=output:CONTROLLER' ERROR
        Failed to initialize flow tables: barrier request timeout.
    ethernet(src='aa:aa:aa:aa:aa:aa')/ipv4/tcp-->'eth_src=00:11:11:11:11:11(mask=00:ff:ff:ff:ff:ff),actions=output:2' ERROR
        Failed to initialize flow tables: barrier request timeout.
    ethernet(src='12:11:11:11:11:11')/ipv6/tcp-->'eth_src=00:11:11:11:11:11(mask=00:ff:ff:ff:ff:ff),actions=output:2' ERROR
        Failed to initialize flow tables: barrier request timeout.
    ethernet(src='12:11:11:11:11:11')/ipv6/tcp-->'eth_src=00:11:11:11:11:11(mask=00:ff:ff:ff:ff:ff),actions=output:CONTROLLER' ERROR
        Failed to initialize flow tables: barrier request timeout.
    ethernet(src='aa:aa:aa:aa:aa:aa')/ipv6/tcp-->'eth_src=00:11:11:11:11:11(mask=00:ff:ff:ff:ff:ff),actions=output:2' ERROR
        Failed to initialize flow tables: barrier request timeout.
    ethernet(src='12:11:11:11:11:11')/arp-->'eth_src=00:11:11:11:11:11(mask=00:ff:ff:ff:ff:ff),actions=output:2' ERROR
        Failed to initialize flow tables: barrier request timeout.
    ethernet(src='12:11:11:11:11:11')/arp-->'eth_src=00:11:11:11:11:11(mask=00:ff:ff:ff:ff:ff),actions=output:CONTROLLER' ERROR
        Failed to initialize flow tables: barrier request timeout.
    ethernet(src='aa:aa:aa:aa:aa:aa')/arp-->'eth_src=00:11:11:11:11:11(mask=00:ff:ff:ff:ff:ff),actions=output:2' ERROR
        Failed to initialize flow tables: barrier request timeout.
match: 05_ETH_TYPE
    ethernet(ethertype=0x0800)/ipv4/tcp-->'eth_type=0x0800,actions=output:2'                             ERROR
        Failed to initialize flow tables: barrier request timeout.
    ethernet(ethertype=0x0800)/ipv4/tcp-->'eth_type=0x0800,actions=output:CONTROLLER'                    ERROR
        Failed to initialize flow tables: barrier request timeout.
    ethernet(ethertype=0x0800)/ipv4/tcp-->'eth_type=0x0806,actions=output:2'                             ERROR
        Failed to initialize flow tables: barrier request timeout.
    ethernet(ethertype=0x86dd)/ipv6/tcp-->'eth_type=0x86dd,actions=output:2'                             ERROR
        Failed to initialize flow tables: barrier request timeout.
    ethernet(ethertype=0x86dd)/ipv6/tcp-->'eth_type=0x86dd,actions=output:CONTROLLER'                    ERROR
        Failed to initialize flow tables: barrier request timeout.
    ethernet(ethertype=0x86dd)/ipv6/tcp-->'eth_type=0x0806,actions=output:2'                             ERROR
        Failed to initialize flow tables: barrier request timeout.
    ethernet(ethertype=0x0806)/arp-->'eth_type=0x0806,actions=output:2'                                  ERROR
        Failed to initialize flow tables: barrier request timeout.
    ethernet(ethertype=0x0806)/arp-->'eth_type=0x0806,actions=output:CONTROLLER'                         ERROR
        Failed to initialize flow tables: barrier request timeout.
    ethernet(ethertype=0x0806)/arp-->'eth_type=0x0800,actions=output:2'                                  ERROR
        Failed to initialize flow tables: barrier request timeout.
match: 06_VLAN_VID
    ethernet/vlan(vid=100)/ipv4/tcp-->'vlan_vid=100,actions=output:2'                                    ERROR
        Failed to initialize flow tables: barrier request timeout.
    ethernet/vlan(vid=100)/ipv4/tcp-->'vlan_vid=100,actions=output:CONTROLLER'                           ERROR
        Failed to initialize flow tables: barrier request timeout.
    ethernet/vlan(vid=203)/ipv4/tcp-->'vlan_vid=100,actions=output:2'                                    ERROR
        Failed to initialize flow tables: barrier request timeout.
    ethernet/vlan(vid=100)/ipv6/tcp-->'vlan_vid=100,actions=output:2'                                    ERROR
        Failed to initialize flow tables: barrier request timeout.
    ethernet/vlan(vid=100)/ipv6/tcp-->'vlan_vid=100,actions=output:CONTROLLER'                           ERROR
        Failed to initialize flow tables: barrier request timeout.
    ethernet/vlan(vid=203)/ipv6/tcp-->'vlan_vid=100,actions=output:2'                                    ERROR
        Failed to initialize flow tables: barrier request timeout.
    ethernet/vlan(vid=100)/arp-->'vlan_vid=100,actions=output:2'                                         ERROR
        Failed to initialize flow tables: barrier request timeout.
    ethernet/vlan(vid=100)/arp-->'vlan_vid=100,actions=output:CONTROLLER'                                ERROR
        Failed to initialize flow tables: barrier request timeout.
    ethernet/vlan(vid=203)/arp-->'vlan_vid=100,actions=output:2'                                         ERROR
        Failed to initialize flow tables: barrier request timeout.
match: 06_VLAN_VID (Mask)
    ethernet/vlan(vid=100)/ipv4/tcp-->'vlan_vid=96(mask=0xf0),actions=output:2'                          ERROR
        Failed to initialize flow tables: barrier request timeout.
    ethernet/vlan(vid=100)/ipv4/tcp-->'vlan_vid=96(mask=0xf0),actions=output:CONTROLLER'                 ERROR
        Failed to initialize flow tables: barrier request timeout.
    ethernet/vlan(vid=203)/ipv4/tcp-->'vlan_vid=96(mask=0xf0),actions=output:2'                          ERROR
        Failed to initialize flow tables: barrier request timeout.
    ethernet/vlan(vid=100)/ipv6/tcp-->'vlan_vid=96(mask=0xf0),actions=output:2'                          ERROR
        Failed to initialize flow tables: barrier request timeout.
    ethernet/vlan(vid=100)/ipv6/tcp-->'vlan_vid=96(mask=0xf0),actions=output:CONTROLLER'                 ERROR
        Failed to initialize flow tables: barrier request timeout.
    ethernet/vlan(vid=203)/ipv6/tcp-->'vlan_vid=96(mask=0xf0),actions=output:2'                          ERROR
        Failed to initialize flow tables: barrier request timeout.
    ethernet/vlan(vid=100)/arp-->'vlan_vid=96(mask=0xf0),actions=output:2'                               ERROR
        Failed to initialize flow tables: barrier request timeout.
    ethernet/vlan(vid=100)/arp-->'vlan_vid=96(mask=0xf0),actions=output:CONTROLLER'                      ERROR
        Failed to initialize flow tables: barrier request timeout.
    ethernet/vlan(vid=203)/arp-->'vlan_vid=96(mask=0xf0),actions=output:2'                               ERROR
        Failed to initialize flow tables: barrier request timeout.
match: 07_VLAN_PCP
    ethernet/vlan(pcp=3)/ipv4/tcp-->'vlan_pcp=3,actions=output:2'                                        ERROR
        Failed to initialize flow tables: barrier request timeout.
    ethernet/vlan(pcp=3)/ipv4/tcp-->'vlan_pcp=3,actions=output:CONTROLLER'                               ERROR
        Failed to initialize flow tables: barrier request timeout.
    ethernet/vlan(pcp=5)/ipv4/tcp-->'vlan_pcp=3,actions=output:2'                                        ERROR
        Failed to initialize flow tables: barrier request timeout.
    ethernet/vlan(pcp=3)/ipv6/tcp-->'vlan_pcp=3,actions=output:2'                                        ERROR
        Failed to initialize flow tables: barrier request timeout.
    ethernet/vlan(pcp=3)/ipv6/tcp-->'vlan_pcp=3,actions=output:CONTROLLER'                               ERROR
        Failed to initialize flow tables: barrier request timeout.
    ethernet/vlan(pcp=5)/ipv6/tcp-->'vlan_pcp=3,actions=output:2'                                        ERROR
        Failed to initialize flow tables: barrier request timeout.
    ethernet/vlan(pcp=3)/arp-->'vlan_pcp=3,actions=output:2'                                             ERROR
        Failed to initialize flow tables: barrier request timeout.
    ethernet/vlan(pcp=3)/arp-->'vlan_pcp=3,actions=output:CONTROLLER'                                    ERROR
        Failed to initialize flow tables: barrier request timeout.
    ethernet/vlan(pcp=5)/arp-->'vlan_pcp=3,actions=output:2'                                             ERROR
        Failed to initialize flow tables: barrier request timeout.
match: 08_IP_DSCP (IPv4)
    ethernet/ipv4(tos=32)/tcp-->'ip_dscp=8,actions=output:2'                                             ERROR
        Failed to initialize flow tables: barrier request timeout.
    ethernet/ipv4(tos=32)/tcp-->'ip_dscp=8,actions=output:CONTROLLER'                                    ERROR
        Failed to initialize flow tables: barrier request timeout.
    ethernet/ipv4(tos=65)/tcp-->'ip_dscp=8,actions=output:2'                                             ERROR
        Failed to initialize flow tables: barrier request timeout.
    ethernet/vlan/ipv4(tos=32)/tcp-->'ip_dscp=8,actions=output:2'                                        ERROR
        Failed to initialize flow tables: barrier request timeout.
    ethernet/vlan/ipv4(tos=32)/tcp-->'ip_dscp=8,actions=output:CONTROLLER'                               ERROR
        Failed to initialize flow tables: barrier request timeout.
    ethernet/vlan/ipv4(tos=65)/tcp-->'ip_dscp=8,actions=output:2'                                        ERROR
        Failed to initialize flow tables: barrier request timeout.
    ethernet/mpls/ipv4(tos=32)/tcp-->'actions=pop_mpls:0x0800,goto_table:1','table_id:1,ip_dscp=8,actions=output:2' ERROR
        Failed to initialize flow tables: barrier request timeout.
    ethernet/mpls/ipv4(tos=32)/tcp-->'actions=pop_mpls:0x0800,goto_table:1','table_id:1,ip_dscp=8,actions=output:CONTROLLER' ERROR
        Failed to initialize flow tables: barrier request timeout.
    ethernet/mpls/ipv4(tos=65)/tcp-->'actions=pop_mpls:0x0800,goto_table:1','table_id:1,ip_dscp=8,actions=output:2' ERROR
        Failed to initialize flow tables: barrier request timeout.
    ethernet/itag/ethernet/ipv4(tos=32)/tcp-->'actions=pop_pbb,goto_table:1','table_id:1,ip_dscp=8,actions=output:2' ERROR
        Failed to initialize flow tables: barrier request timeout.
    ethernet/itag/ethernet/ipv4(tos=32)/tcp-->'actions=pop_pbb,goto_table:1','table_id:1,ip_dscp=8,actions=output:CONTROLLER' ERROR
        Failed to initialize flow tables: barrier request timeout.
    ethernet/itag/ethernet/ipv4(tos=65)/tcp-->'actions=pop_pbb,goto_table:1','table_id:1,ip_dscp=8,actions=output:2' ERROR
        Failed to initialize flow tables: barrier request timeout.
match: 08_IP_DSCP (IPv6)
    ethernet/ipv6(traffic_class=32)/tcp-->'ip_dscp=8,actions=output:2'                                   ERROR
        Failed to initialize flow tables: barrier request timeout.
    ethernet/ipv6(traffic_class=32)/tcp-->'ip_dscp=8,actions=output:CONTROLLER'                          ERROR
        Failed to initialize flow tables: barrier request timeout.
    ethernet/ipv6(traffic_class=65)/tcp-->'ip_dscp=8,actions=output:2'                                   ERROR
        Failed to initialize flow tables: barrier request timeout.
    ethernet/vlan/ipv6(traffic_class=32)/tcp-->'ip_dscp=8,actions=output:2'                              ERROR
        Failed to initialize flow tables: barrier request timeout.
    ethernet/vlan/ipv6(traffic_class=32)/tcp-->'ip_dscp=8,actions=output:CONTROLLER'                     ERROR
        Failed to initialize flow tables: barrier request timeout.
    ethernet/vlan/ipv6(traffic_class=65)/tcp-->'ip_dscp=8,actions=output:2'                              ERROR
        Failed to initialize flow tables: barrier request timeout.
    ethernet/mpls/ipv6(traffic_class=32)/tcp-->'actions=pop_mpls:0x86dd,goto_table:1','table_id:1,ip_dscp=8,actions=output:2' ERROR
        Failed to initialize flow tables: barrier request timeout.
    ethernet/mpls/ipv6(traffic_class=32)/tcp-->'actions=pop_mpls:0x86dd,goto_table:1','table_id:1,ip_dscp=8,actions=output:CONTROLLER' ERROR
        Failed to initialize flow tables: barrier request timeout.
    ethernet/mpls/ipv6(traffic_class=65)/tcp-->'actions=pop_mpls:0x86dd,goto_table:1','table_id:1,ip_dscp=8,actions=output:2' ERROR
        Failed to initialize flow tables: barrier request timeout.
    ethernet/itag/ethernet/ipv6(traffic_class=32)/tcp-->'actions=pop_pbb,goto_table:1','table_id:1,ip_dscp=8,actions=output:2' ERROR
        Failed to initialize flow tables: barrier request timeout.
    ethernet/itag/ethernet/ipv6(traffic_class=32)/tcp-->'actions=pop_pbb,goto_table:1','table_id:1,ip_dscp=8,actions=output:CONTROLLER' ERROR
        Failed to initialize flow tables: barrier request timeout.
    ethernet/itag/ethernet/ipv6(traffic_class=65)/tcp-->'actions=pop_pbb,goto_table:1','table_id:1,ip_dscp=8,actions=output:2' ERROR
        Failed to initialize flow tables: barrier request timeout.
match: 09_IP_ECN (IPv4)
    ethernet/ipv4(tos=32)/tcp-->'ip_ecn=0,actions=output:2'                                              ERROR
        Failed to initialize flow tables: barrier request timeout.
    ethernet/ipv4(tos=32)/tcp-->'ip_ecn=0,actions=output:CONTROLLER'                                     ERROR
        Failed to initialize flow tables: barrier request timeout.
    ethernet/ipv4(tos=65)/tcp-->'ip_ecn=0,actions=output:2'                                              ERROR
        Failed to initialize flow tables: barrier request timeout.
    ethernet/vlan/ipv4(tos=32)/tcp-->'ip_ecn=0,actions=output:2'                                         ERROR
        Failed to initialize flow tables: barrier request timeout.
    ethernet/vlan/ipv4(tos=32)/tcp-->'ip_ecn=0,actions=output:CONTROLLER'                                ERROR
        Failed to initialize flow tables: barrier request timeout.
    ethernet/vlan/ipv4(tos=65)/tcp-->'ip_ecn=0,actions=output:2'                                         ERROR
        Failed to initialize flow tables: barrier request timeout.
    ethernet/mpls/ipv4(tos=32)/tcp-->'actions=pop_mpls:0x0800,goto_table:1','table_id:1,ip_ecn=0,actions=output:2' ERROR
        Failed to initialize flow tables: barrier request timeout.
    ethernet/mpls/ipv4(tos=32)/tcp-->'actions=pop_mpls:0x0800,goto_table:1','table_id:1,ip_ecn=0,actions=output:CONTROLLER' ERROR
        Failed to initialize flow tables: barrier request timeout.
    ethernet/mpls/ipv4(tos=65)/tcp-->'actions=pop_mpls:0x0800,goto_table:1','table_id:1,ip_ecn=0,actions=output:2' ERROR
        Failed to initialize flow tables: barrier request timeout.
    ethernet/itag/ethernet/ipv4(tos=32)/tcp-->'actions=pop_pbb,goto_table:1','table_id:1,ip_ecn=0,actions=output:2' ERROR
        Failed to initialize flow tables: barrier request timeout.
    ethernet/itag/ethernet/ipv4(tos=32)/tcp-->'actions=pop_pbb,goto_table:1','table_id:1,ip_ecn=0,actions=output:CONTROLLER' ERROR
        Failed to initialize flow tables: barrier request timeout.
    ethernet/itag/ethernet/ipv4(tos=65)/tcp-->'actions=pop_pbb,goto_table:1','table_id:1,ip_ecn=0,actions=output:2' ERROR
        Failed to initialize flow tables: barrier request timeout.
match: 09_IP_ECN (IPv6)
    ethernet/ipv6(traffic_class=32)/tcp-->'ip_ecn=0,actions=output:2'                                    ERROR
        Failed to initialize flow tables: barrier request timeout.
    ethernet/ipv6(traffic_class=32)/tcp-->'ip_ecn=0,actions=output:CONTROLLER'                           ERROR
        Failed to initialize flow tables: barrier request timeout.
    ethernet/ipv6(traffic_class=65)/tcp-->'ip_ecn=0,actions=output:2'                                    ERROR
        Failed to initialize flow tables: barrier request timeout.
    ethernet/vlan/ipv6(traffic_class=32)/tcp-->'ip_ecn=0,actions=output:2'                               ERROR
        Failed to initialize flow tables: barrier request timeout.
    ethernet/vlan/ipv6(traffic_class=32)/tcp-->'ip_ecn=0,actions=output:CONTROLLER'                      ERROR
        Failed to initialize flow tables: barrier request timeout.
    ethernet/vlan/ipv6(traffic_class=65)/tcp-->'ip_ecn=0,actions=output:2'                               ERROR
        Failed to initialize flow tables: barrier request timeout.
    ethernet/mpls/ipv6(traffic_class=32)/tcp-->'actions=pop_mpls:0x86dd,goto_table:1','table_id:1,ip_ecn=0,actions=output:2' ERROR
        Failed to initialize flow tables: barrier request timeout.
    ethernet/mpls/ipv6(traffic_class=32)/tcp-->'actions=pop_mpls:0x86dd,goto_table:1','table_id:1,ip_ecn=0,actions=output:CONTROLLER' ERROR
        Failed to initialize flow tables: barrier request timeout.
    ethernet/mpls/ipv6(traffic_class=65)/tcp-->'actions=pop_mpls:0x86dd,goto_table:1','table_id:1,ip_ecn=0,actions=output:2' ERROR
        Failed to initialize flow tables: barrier request timeout.
    ethernet/itag/ethernet/ipv6(traffic_class=32)/tcp-->'actions=pop_pbb,goto_table:1','table_id:1,ip_ecn=0,actions=output:2' ERROR
        Failed to initialize flow tables: barrier request timeout.
    ethernet/itag/ethernet/ipv6(traffic_class=32)/tcp-->'actions=pop_pbb,goto_table:1','table_id:1,ip_ecn=0,actions=output:CONTROLLER' ERROR
        Failed to initialize flow tables: barrier request timeout.
    ethernet/itag/ethernet/ipv6(traffic_class=65)/tcp-->'actions=pop_pbb,goto_table:1','table_id:1,ip_ecn=0,actions=output:2' ERROR
        Failed to initialize flow tables: barrier request timeout.
match: 10_IP_PROTO (IPv4)
    ethernet/ipv4(proto=6)/tcp-->'ip_proto=6,actions=output:2'                                           ERROR
        Failed to initialize flow tables: barrier request timeout.
    ethernet/ipv4(proto=6)/tcp-->'ip_proto=6,actions=output:CONTROLLER'                                  ERROR
        Failed to initialize flow tables: barrier request timeout.
    ethernet/ipv4(proto=6)/tcp-->'ip_proto=17,actions=output:2'                                          ERROR
        Failed to initialize flow tables: barrier request timeout.
    ethernet/vlan/ipv4(proto=6)/tcp-->'ip_proto=6,actions=output:2'                                      ERROR
        Failed to initialize flow tables: barrier request timeout.
    ethernet/vlan/ipv4(proto=6)/tcp-->'ip_proto=6,actions=output:CONTROLLER'                             ERROR
        Failed to initialize flow tables: barrier request timeout.
    ethernet/vlan/ipv4(proto=6)/tcp-->'ip_proto=17,actions=output:2'                                     ERROR
        Failed to initialize flow tables: barrier request timeout.
    ethernet/mpls/ipv4(proto=6)/tcp-->'actions=pop_mpls:0x0800,goto_table:1','table_id:1,ip_proto=6,actions=output:2' ERROR
        Failed to initialize flow tables: barrier request timeout.
    ethernet/mpls/ipv4(proto=6)/tcp-->'actions=pop_mpls:0x0800,goto_table:1','table_id:1,ip_proto=6,actions=output:CONTROLLER' ERROR
        Failed to initialize flow tables: barrier request timeout.
    ethernet/mpls/ipv4(proto=6)/tcp-->'actions=pop_mpls:0x0800,goto_table:1','table_id:1,ip_proto=17,actions=output:2' ERROR
        Failed to initialize flow tables: barrier request timeout.
    ethernet/itag/ethernet/ipv4(proto=6)/tcp-->'actions=pop_pbb,goto_table:1','table_id:1,ip_proto=6,actions=output:2' ERROR
        Failed to initialize flow tables: barrier request timeout.
    ethernet/itag/ethernet/ipv4(proto=6)/tcp-->'actions=pop_pbb,goto_table:1','table_id:1,ip_proto=6,actions=output:CONTROLLER' ERROR
        Failed to initialize flow tables: barrier request timeout.
    ethernet/itag/ethernet/ipv4(proto=6)/tcp-->'actions=pop_pbb,goto_table:1','table_id:1,ip_proto=17,actions=output:2' ERROR
        Failed to initialize flow tables: barrier request timeout.
match: 10_IP_PROTO (IPv6)
    ethernet/ipv6(nxt=6)/tcp-->'ip_proto=6,actions=output:2'                                             ERROR
        Failed to initialize flow tables: barrier request timeout.
    ethernet/ipv6(nxt=6)/tcp-->'ip_proto=6,actions=output:CONTROLLER'                                    ERROR
        Failed to initialize flow tables: barrier request timeout.
dpid=000070b3d56cd016 : Leave target SW.
    ethernet/ipv6(nxt=6)/tcp-->'ip_proto=17,actions=output:2'                                            ERROR
        Failed to initialize flow tables: barrier request timeout.
waiting for switches connection...
--- Test terminated ---
