loading app ryu/tests/switch/tester.py
loading app ryu.controller.ofp_handler
instantiating app ryu.controller.ofp_handler of OFPHandler
instantiating app ryu/tests/switch/tester.py of OfTester
target_dpid=000070b3d56cd016
tester_dpid=0000000000000001
target ofp version=openflow13
tester ofp version=openflow13
Test files directory = ryu/tests/switch/of13/meter/
--- Test start ---
waiting for switches connection...
dpid=000070b3d56cd016 : Join target SW.
dpid=0000000000000001 : Join tester SW.
meter: 01_DROP_00_KBPS_00_1M
    2Mbps(ethernet/ipv4/tcp)-->'in_port=1,actions=meter:1Mbps(drop),output:2'                            ERROR
        Failed to add meters: meter config stats request timeout.
    2Mbps(ethernet/ipv6/tcp)-->'in_port=1,actions=meter:1Mbps(drop),output:2'                            ERROR
        Failed to add meters: meter config stats request timeout.
    2Mbps(ethernet/arp)-->'in_port=1,actions=meter:1Mbps(drop),output:2'                                 ERROR
        Failed to add meters: meter config stats request timeout.
meter: 01_DROP_00_KBPS_01_10M
    20Mbps(ethernet/ipv4/tcp)-->'in_port=1,actions=meter:10Mbps(drop),output:2'                          ERROR
        Failed to add meters: meter config stats request timeout.
    20Mbps(ethernet/ipv6/tcp)-->'in_port=1,actions=meter:10Mbps(drop),output:2'                          ERROR
        Failed to add meters: meter config stats request timeout.
    20Mbps(ethernet/arp)-->'in_port=1,actions=meter:10Mbps(drop),output:2'                               ERROR
        Failed to add meters: meter config stats request timeout.
meter: 01_DROP_00_KBPS_02_100M
    200Mbps(ethernet/ipv4/tcp)-->'in_port=1,actions=meter:100Mbps(drop),output:2'                        ERROR
        Failed to add meters: meter config stats request timeout.
    200Mbps(ethernet/ipv6/tcp)-->'in_port=1,actions=meter:100Mbps(drop),output:2'                        ERROR
        Failed to add meters: meter config stats request timeout.
    200Mbps(ethernet/arp)-->'in_port=1,actions=meter:100Mbps(drop),output:2'                             ERROR
        Failed to add meters: meter config stats request timeout.
meter: 01_DROP_01_PKTPS_00_100
    200pktps(ethernet/ipv4/tcp)-->'in_port=1,actions=meter:100pktps(drop),output:2'                      ERROR
        Failed to add meters: meter config stats request timeout.
    200pktps(ethernet/ipv6/tcp)-->'in_port=1,actions=meter:100pktps(drop),output:2'                      ERROR
        Failed to add meters: meter config stats request timeout.
    200pktps(ethernet/arp)-->'in_port=1,actions=meter:100pktps(drop),output:2'                           ERROR
        Failed to add meters: meter config stats request timeout.
meter: 01_DROP_01_PKTPS_01_1000
    2000pktps(ethernet/ipv4/tcp)-->'in_port=1,actions=meter:1000pktps(drop),output:2'                    ERROR
        Failed to add meters: meter config stats request timeout.
    2000pktps(ethernet/ipv6/tcp)-->'in_port=1,actions=meter:1000pktps(drop),output:2'                    ERROR
        Failed to add meters: meter config stats request timeout.
    2000pktps(ethernet/arp)-->'in_port=1,actions=meter:1000pktps(drop),output:2'                         ERROR
        Failed to add meters: meter config stats request timeout.
meter: 01_DROP_01_PKTPS_02_10000
    20000pktps(ethernet/ipv4/tcp)-->'in_port=1,actions=meter:10000pktps(drop),output:2'                  ERROR
        Failed to add meters: meter config stats request timeout.
    20000pktps(ethernet/ipv6/tcp)-->'in_port=1,actions=meter:10000pktps(drop),output:2'                  ERROR
        Failed to add meters: meter config stats request timeout.
    20000pktps(ethernet/arp)-->'in_port=1,actions=meter:10000pktps(drop),output:2'                       ERROR
        Failed to add meters: meter config stats request timeout.
meter: 02_DSCP_REMARK_00_KBPS_00_1M
    2Mbps(ethernet/ipv4(dscp=18)/tcp)-->'in_port=1,actions=meter:1Mbps(dscp_remark:ip_dscp=20),output:2' ERROR
        Failed to add meters: meter config stats request timeout.
    2Mbps(ethernet/ipv6(dscp=18)/tcp)-->'in_port=1,actions=meter:1Mbps(dscp_remark:ip_dscp=20),output:2' ERROR
        Failed to add meters: meter config stats request timeout.
    2Mbps(ethernet/arp)-->'in_port=1,actions=meter:2Mbps(dscp_remark:prec_level=1),output:2'             ERROR
        Failed to add meters: meter config stats request timeout.
meter: 02_DSCP_REMARK_00_KBPS_01_10M
    20Mbps(ethernet/ipv4(dscp=18)/tcp)-->'in_port=1,actions=meter:10Mbps(dscp_remark:ip_dscp=20),output:2' ERROR
        Failed to add meters: meter config stats request timeout.
    20Mbps(ethernet/ipv6(dscp=18)/tcp)-->'in_port=1,actions=meter:10Mbps(dscp_remark:ip_dscp=20),output:2' ERROR
        Failed to add meters: meter config stats request timeout.
    20Mbps(ethernet/arp)-->'in_port=1,actions=meter:20Mbps(dscp_remark:prec_level=1),output:2'           ERROR
        Failed to add meters: meter config stats request timeout.
meter: 02_DSCP_REMARK_00_KBPS_02_100M
    200Mbps(ethernet/ipv4(dscp=18)/tcp)-->'in_port=1,actions=meter:100Mbps(dscp_remark:ip_dscp=20),output:2' ERROR
        Failed to add meters: meter config stats request timeout.
    200Mbps(ethernet/ipv6(dscp=18)/tcp)-->'in_port=1,actions=meter:100Mbps(dscp_remark:ip_dscp=20),output:2' ERROR
        Failed to add meters: meter config stats request timeout.
    200Mbps(ethernet/arp)-->'in_port=1,actions=meter:200Mbps(dscp_remark:prec_level=1),output:2'         ERROR
        Failed to add meters: meter config stats request timeout.
meter: 02_DSCP_REMARK_01_PKTPS_00_100
    200pktps(ethernet/ipv4(dscp=18)/tcp)-->'in_port=1,actions=meter:100pktps(dscp_remark:ip_dscp=20),output:2' ERROR
        Failed to add meters: meter config stats request timeout.
    200pktps(ethernet/ipv6(dscp=18)/tcp)-->'in_port=1,actions=meter:100pktps(dscp_remark:ip_dscp=20),output:2' ERROR
        Failed to add meters: meter config stats request timeout.
    200pktps(ethernet/arp)-->'in_port=1,actions=meter:200pktps(dscp_remark:prec_level=1),output:2'       ERROR
        Failed to add meters: meter config stats request timeout.
meter: 02_DSCP_REMARK_01_PKTPS_01_1000
    2000pktps(ethernet/ipv4(dscp=18)/tcp)-->'in_port=1,actions=meter:1000pktps(dscp_remark:ip_dscp=20),output:2' ERROR
        Failed to add meters: meter config stats request timeout.
    2000pktps(ethernet/ipv6(dscp=18)/tcp)-->'in_port=1,actions=meter:1000pktps(dscp_remark:ip_dscp=20),output:2' ERROR
        Failed to add meters: meter config stats request timeout.
    2000pktps(ethernet/arp)-->'in_port=1,actions=meter:2000pktps(dscp_remark:prec_level=1),output:2'     ERROR
        Failed to add meters: meter config stats request timeout.
meter: 02_DSCP_REMARK_01_PKTPS_02_10000
    20000pktps(ethernet/ipv4(dscp=18)/tcp)-->'in_port=1,actions=meter:10000pktps(dscp_remark:ip_dscp=20),output:2' ERROR
        Failed to add meters: meter config stats request timeout.
    20000pktps(ethernet/ipv6(dscp=18)/tcp)-->'in_port=1,actions=meter:10000pktps(dscp_remark:ip_dscp=20),output:2' ERROR
        Failed to add meters: meter config stats request timeout.
    20000pktps(ethernet/arp)-->'in_port=1,actions=meter:20000pktps(dscp_remark:prec_level=1),output:2'   ERROR
        Failed to add meters: meter config stats request timeout.
---  Test end  ---

--- Test report ---
Failed to add meters(36)
    meter: 01_DROP_00_KBPS_00_1M             2Mbps(ethernet/ipv4/tcp)-->'in_port=1,actions=meter:1Mbps(drop),output:2'
    meter: 01_DROP_00_KBPS_00_1M             2Mbps(ethernet/ipv6/tcp)-->'in_port=1,actions=meter:1Mbps(drop),output:2'
    meter: 01_DROP_00_KBPS_00_1M             2Mbps(ethernet/arp)-->'in_port=1,actions=meter:1Mbps(drop),output:2'
    meter: 01_DROP_00_KBPS_01_10M            20Mbps(ethernet/ipv4/tcp)-->'in_port=1,actions=meter:10Mbps(drop),output:2'
    meter: 01_DROP_00_KBPS_01_10M            20Mbps(ethernet/ipv6/tcp)-->'in_port=1,actions=meter:10Mbps(drop),output:2'
    meter: 01_DROP_00_KBPS_01_10M            20Mbps(ethernet/arp)-->'in_port=1,actions=meter:10Mbps(drop),output:2'
    meter: 01_DROP_00_KBPS_02_100M           200Mbps(ethernet/ipv4/tcp)-->'in_port=1,actions=meter:100Mbps(drop),output:2'
    meter: 01_DROP_00_KBPS_02_100M           200Mbps(ethernet/ipv6/tcp)-->'in_port=1,actions=meter:100Mbps(drop),output:2'
    meter: 01_DROP_00_KBPS_02_100M           200Mbps(ethernet/arp)-->'in_port=1,actions=meter:100Mbps(drop),output:2'
    meter: 01_DROP_01_PKTPS_00_100           200pktps(ethernet/ipv4/tcp)-->'in_port=1,actions=meter:100pktps(drop),output:2'
    meter: 01_DROP_01_PKTPS_00_100           200pktps(ethernet/ipv6/tcp)-->'in_port=1,actions=meter:100pktps(drop),output:2'
    meter: 01_DROP_01_PKTPS_00_100           200pktps(ethernet/arp)-->'in_port=1,actions=meter:100pktps(drop),output:2'
    meter: 01_DROP_01_PKTPS_01_1000          2000pktps(ethernet/ipv4/tcp)-->'in_port=1,actions=meter:1000pktps(drop),output:2'
    meter: 01_DROP_01_PKTPS_01_1000          2000pktps(ethernet/ipv6/tcp)-->'in_port=1,actions=meter:1000pktps(drop),output:2'
    meter: 01_DROP_01_PKTPS_01_1000          2000pktps(ethernet/arp)-->'in_port=1,actions=meter:1000pktps(drop),output:2'
    meter: 01_DROP_01_PKTPS_02_10000         20000pktps(ethernet/ipv4/tcp)-->'in_port=1,actions=meter:10000pktps(drop),output:2'
    meter: 01_DROP_01_PKTPS_02_10000         20000pktps(ethernet/ipv6/tcp)-->'in_port=1,actions=meter:10000pktps(drop),output:2'
    meter: 01_DROP_01_PKTPS_02_10000         20000pktps(ethernet/arp)-->'in_port=1,actions=meter:10000pktps(drop),output:2'
    meter: 02_DSCP_REMARK_00_KBPS_00_1M      2Mbps(ethernet/ipv4(dscp=18)/tcp)-->'in_port=1,actions=meter:1Mbps(dscp_remark:ip_dscp=20),output:2'
    meter: 02_DSCP_REMARK_00_KBPS_00_1M      2Mbps(ethernet/ipv6(dscp=18)/tcp)-->'in_port=1,actions=meter:1Mbps(dscp_remark:ip_dscp=20),output:2'
    meter: 02_DSCP_REMARK_00_KBPS_00_1M      2Mbps(ethernet/arp)-->'in_port=1,actions=meter:2Mbps(dscp_remark:prec_level=1),output:2'
    meter: 02_DSCP_REMARK_00_KBPS_01_10M     20Mbps(ethernet/ipv4(dscp=18)/tcp)-->'in_port=1,actions=meter:10Mbps(dscp_remark:ip_dscp=20),output:2'
    meter: 02_DSCP_REMARK_00_KBPS_01_10M     20Mbps(ethernet/ipv6(dscp=18)/tcp)-->'in_port=1,actions=meter:10Mbps(dscp_remark:ip_dscp=20),output:2'
    meter: 02_DSCP_REMARK_00_KBPS_01_10M     20Mbps(ethernet/arp)-->'in_port=1,actions=meter:20Mbps(dscp_remark:prec_level=1),output:2'
    meter: 02_DSCP_REMARK_00_KBPS_02_100M    200Mbps(ethernet/ipv4(dscp=18)/tcp)-->'in_port=1,actions=meter:100Mbps(dscp_remark:ip_dscp=20),output:2'
    meter: 02_DSCP_REMARK_00_KBPS_02_100M    200Mbps(ethernet/ipv6(dscp=18)/tcp)-->'in_port=1,actions=meter:100Mbps(dscp_remark:ip_dscp=20),output:2'
    meter: 02_DSCP_REMARK_00_KBPS_02_100M    200Mbps(ethernet/arp)-->'in_port=1,actions=meter:200Mbps(dscp_remark:prec_level=1),output:2'
    meter: 02_DSCP_REMARK_01_PKTPS_00_100    200pktps(ethernet/ipv4(dscp=18)/tcp)-->'in_port=1,actions=meter:100pktps(dscp_remark:ip_dscp=20),output:2'
    meter: 02_DSCP_REMARK_01_PKTPS_00_100    200pktps(ethernet/ipv6(dscp=18)/tcp)-->'in_port=1,actions=meter:100pktps(dscp_remark:ip_dscp=20),output:2'
    meter: 02_DSCP_REMARK_01_PKTPS_00_100    200pktps(ethernet/arp)-->'in_port=1,actions=meter:200pktps(dscp_remark:prec_level=1),output:2'
    meter: 02_DSCP_REMARK_01_PKTPS_01_1000   2000pktps(ethernet/ipv4(dscp=18)/tcp)-->'in_port=1,actions=meter:1000pktps(dscp_remark:ip_dscp=20),output:2'
    meter: 02_DSCP_REMARK_01_PKTPS_01_1000   2000pktps(ethernet/ipv6(dscp=18)/tcp)-->'in_port=1,actions=meter:1000pktps(dscp_remark:ip_dscp=20),output:2'
    meter: 02_DSCP_REMARK_01_PKTPS_01_1000   2000pktps(ethernet/arp)-->'in_port=1,actions=meter:2000pktps(dscp_remark:prec_level=1),output:2'
    meter: 02_DSCP_REMARK_01_PKTPS_02_10000  20000pktps(ethernet/ipv4(dscp=18)/tcp)-->'in_port=1,actions=meter:10000pktps(dscp_remark:ip_dscp=20),output:2'
    meter: 02_DSCP_REMARK_01_PKTPS_02_10000  20000pktps(ethernet/ipv6(dscp=18)/tcp)-->'in_port=1,actions=meter:10000pktps(dscp_remark:ip_dscp=20),output:2'
    meter: 02_DSCP_REMARK_01_PKTPS_02_10000  20000pktps(ethernet/arp)-->'in_port=1,actions=meter:20000pktps(dscp_remark:prec_level=1),output:2'

OK(0) / ERROR(36)
